{"numTotalTestSuites":22,"numPassedTestSuites":22,"numFailedTestSuites":0,"numPendingTestSuites":0,"numTotalTests":27,"numPassedTests":27,"numFailedTests":0,"numPendingTests":0,"numTodoTests":0,"snapshot":{"added":0,"failure":false,"filesAdded":0,"filesRemoved":0,"filesRemovedList":[],"filesUnmatched":0,"filesUpdated":0,"matched":0,"total":0,"unchecked":0,"uncheckedKeysByFile":[],"unmatched":0,"updated":0,"didUpdate":false},"startTime":1779338300099,"success":true,"testResults":[{"assertionResults":[{"ancestorTitles":["dashboard command service"],"fullName":"dashboard command service creates schema-only KPI commands without local KPI values","status":"passed","title":"creates schema-only KPI commands without local KPI values","duration":46.84790000000021,"failureMessages":[],"meta":{},"tags":[]}],"startTime":1779338302348,"endTime":1779338302394.848,"status":"passed","message":"","name":"C:/Users/VISHAL/Desktop/20-12-2025/All_full_stack_preparation/expo/retry-the-project/apps/backend/src/__tests__/dashboard-command.test.js"},{"assertionResults":[{"ancestorTitles":["dashboard plan engine"],"fullName":"dashboard plan engine generates KPI and chart specs from schema only","status":"passed","title":"generates KPI and chart specs from schema only","duration":16.322800000000143,"failureMessages":[],"meta":{},"tags":[]},{"ancestorTitles":["dashboard plan engine"],"fullName":"dashboard plan engine rejects invalid scatter and unknown columns","status":"passed","title":"rejects invalid scatter and unknown columns","duration":1.5264999999999418,"failureMessages":[],"meta":{},"tags":[]},{"ancestorTitles":["dashboard plan engine"],"fullName":"dashboard plan engine removes chart.data from sanitized chart specs","status":"passed","title":"removes chart.data from sanitized chart specs","duration":1.9744000000000597,"failureMessages":[],"meta":{},"tags":[]}],"startTime":1779338302238,"endTime":1779338302257.9744,"status":"passed","message":"","name":"C:/Users/VISHAL/Desktop/20-12-2025/All_full_stack_preparation/expo/retry-the-project/apps/backend/src/__tests__/dashboard-plan-engine.test.js"},{"assertionResults":[{"ancestorTitles":["dashboard-quality-guardian"],"fullName":"dashboard-quality-guardian removes chart.data and fake KPI values from AI plans","status":"passed","title":"removes chart.data and fake KPI values from AI plans","duration":18.97699999999986,"failureMessages":[],"meta":{},"tags":[]},{"ancestorTitles":["dashboard-quality-guardian"],"fullName":"dashboard-quality-guardian rejects invalid chart combinations and repairs weak dashboard plans","status":"passed","title":"rejects invalid chart combinations and repairs weak dashboard plans","duration":14.168499999999995,"failureMessages":[],"meta":{},"tags":[]},{"ancestorTitles":["dashboard-quality-guardian"],"fullName":"dashboard-quality-guardian supports salary/workforce datasets with schema-only output","status":"passed","title":"supports salary/workforce datasets with schema-only output","duration":18.37869999999998,"failureMessages":[],"meta":{},"tags":[]}],"startTime":1779338302300,"endTime":1779338302352.3787,"status":"passed","message":"","name":"C:/Users/VISHAL/Desktop/20-12-2025/All_full_stack_preparation/expo/retry-the-project/apps/backend/src/__tests__/dashboard-quality-guardian.test.js"},{"assertionResults":[{"ancestorTitles":["health API"],"fullName":"health API GET /api/health returns healthy quickly","status":"passed","title":"GET /api/health returns healthy quickly","duration":10.281500000000051,"failureMessages":[],"meta":{},"tags":[]}],"startTime":1779338302284,"endTime":1779338302294.2815,"status":"passed","message":"","name":"C:/Users/VISHAL/Desktop/20-12-2025/All_full_stack_preparation/expo/retry-the-project/apps/backend/src/__tests__/health.test.js"},{"assertionResults":[{"ancestorTitles":["Ollama schema-only safety"],"fullName":"Ollama schema-only safety sends schema only to Ollama and strips malicious chart.data responses","status":"passed","title":"sends schema only to Ollama and strips malicious chart.data responses","duration":57.303499999999985,"failureMessages":[],"meta":{},"tags":[]},{"ancestorTitles":["Ollama schema-only safety"],"fullName":"Ollama schema-only safety falls back to local dashboard plan when Ollama is down","status":"passed","title":"falls back to local dashboard plan when Ollama is down","duration":9.757100000000264,"failureMessages":[],"meta":{},"tags":[]}],"startTime":1779338302350,"endTime":1779338302417.757,"status":"passed","message":"","name":"C:/Users/VISHAL/Desktop/20-12-2025/All_full_stack_preparation/expo/retry-the-project/apps/backend/src/__tests__/ollama-schema-safety.test.js"},{"assertionResults":[{"ancestorTitles":["PDF intelligence route surface"],"fullName":"PDF intelligence route surface returns a safe validation error when asking an unknown PDF knowledge base","status":"passed","title":"returns a safe validation error when asking an unknown PDF knowledge base","duration":13.212399999999889,"failureMessages":[],"meta":{},"tags":[]}],"startTime":1779338302593,"endTime":1779338302606.2124,"status":"passed","message":"","name":"C:/Users/VISHAL/Desktop/20-12-2025/All_full_stack_preparation/expo/retry-the-project/apps/backend/src/__tests__/pdf-intelligence.test.js"},{"assertionResults":[{"ancestorTitles":["schema fingerprint"],"fullName":"schema fingerprint detects schema roles and excludes raw rows from schema-only packet","status":"passed","title":"detects schema roles and excludes raw rows from schema-only packet","duration":50.11149999999998,"failureMessages":[],"meta":{},"tags":[]}],"startTime":1779338302005,"endTime":1779338302055.1116,"status":"passed","message":"","name":"C:/Users/VISHAL/Desktop/20-12-2025/All_full_stack_preparation/expo/retry-the-project/apps/backend/src/__tests__/schema-fingerprint.test.js"},{"assertionResults":[{"ancestorTitles":["schema training memory routes"],"fullName":"schema training memory routes loads, trains, and matches similar schema memory","status":"passed","title":"loads, trains, and matches similar schema memory","duration":636.2592999999997,"failureMessages":[],"meta":{},"tags":[]}],"startTime":1779338301764,"endTime":1779338302400.2593,"status":"passed","message":"","name":"C:/Users/VISHAL/Desktop/20-12-2025/All_full_stack_preparation/expo/retry-the-project/apps/backend/src/__tests__/schema-memory.test.js"},{"assertionResults":[{"ancestorTitles":["schema-trained AI routes"],"fullName":"schema-trained AI routes generates a schema-only dashboard plan without raw rows or chart data","status":"passed","title":"generates a schema-only dashboard plan without raw rows or chart data","duration":55.66229999999996,"failureMessages":[],"meta":{},"tags":[]},{"ancestorTitles":["schema-trained AI routes"],"fullName":"schema-trained AI routes routes a valid dashboard command to a safe chart spec","status":"passed","title":"routes a valid dashboard command to a safe chart spec","duration":11.381399999999758,"failureMessages":[],"meta":{},"tags":[]},{"ancestorTitles":["schema-trained AI routes"],"fullName":"schema-trained AI routes handles invalid scatter conversion safely","status":"passed","title":"handles invalid scatter conversion safely","duration":4.051500000000033,"failureMessages":[],"meta":{},"tags":[]},{"ancestorTitles":["schema-trained AI routes"],"fullName":"schema-trained AI routes answers schema chat without fake KPI values or raw row packet","status":"passed","title":"answers schema chat without fake KPI values or raw row packet","duration":5.293100000000322,"failureMessages":[],"meta":{},"tags":[]}],"startTime":1779338302347,"endTime":1779338302424.2932,"status":"passed","message":"","name":"C:/Users/VISHAL/Desktop/20-12-2025/All_full_stack_preparation/expo/retry-the-project/apps/backend/src/__tests__/schema-trained-ai.routes.test.js"},{"assertionResults":[{"ancestorTitles":["schema-only dashboard engine"],"fullName":"schema-only dashboard engine sends only the safe schema packet to the LLM","status":"passed","title":"sends only the safe schema packet to the LLM","duration":12.666699999999992,"failureMessages":[],"meta":{},"tags":[]},{"ancestorTitles":["schema-only dashboard engine"],"fullName":"schema-only dashboard engine validates and executes chart plans locally","status":"passed","title":"validates and executes chart plans locally","duration":3.4237000000000535,"failureMessages":[],"meta":{},"tags":[]}],"startTime":1779338302310,"endTime":1779338302325.4236,"status":"passed","message":"","name":"C:/Users/VISHAL/Desktop/20-12-2025/All_full_stack_preparation/expo/retry-the-project/apps/backend/src/services/__tests__/schema-only-dashboard-engine.test.js"},{"assertionResults":[{"ancestorTitles":["Schema Packet Builder"],"fullName":"Schema Packet Builder builds valid schema packet","status":"passed","title":"builds valid schema packet","duration":10.869400000000041,"failureMessages":[],"meta":{},"tags":[]},{"ancestorTitles":["Schema Packet Builder"],"fullName":"Schema Packet Builder extracts numeric statistics","status":"passed","title":"extracts numeric statistics","duration":1.3786000000000058,"failureMessages":[],"meta":{},"tags":[]},{"ancestorTitles":["Schema Packet Builder"],"fullName":"Schema Packet Builder extracts categorical statistics","status":"passed","title":"extracts categorical statistics","duration":0.9086999999999534,"failureMessages":[],"meta":{},"tags":[]},{"ancestorTitles":["Schema Packet Builder"],"fullName":"Schema Packet Builder handles empty datasets","status":"passed","title":"handles empty datasets","duration":1.971699999999828,"failureMessages":[],"meta":{},"tags":[]},{"ancestorTitles":["Schema Packet Builder"],"fullName":"Schema Packet Builder validates columns exist","status":"passed","title":"validates columns exist","duration":1.9693999999999505,"failureMessages":[],"meta":{},"tags":[]},{"ancestorTitles":["Schema Packet Builder"],"fullName":"Schema Packet Builder rejects invalid columns","status":"passed","title":"rejects invalid columns","duration":0.6494999999999891,"failureMessages":[],"meta":{},"tags":[]},{"ancestorTitles":["Schema Packet Builder"],"fullName":"Schema Packet Builder calculates data quality score","status":"passed","title":"calculates data quality score","duration":1.5502000000001317,"failureMessages":[],"meta":{},"tags":[]},{"ancestorTitles":["Schema Packet Builder"],"fullName":"Schema Packet Builder formats schema for prompt","status":"passed","title":"formats schema for prompt","duration":2.098600000000033,"failureMessages":[],"meta":{},"tags":[]}],"startTime":1779338302210,"endTime":1779338302232.0986,"status":"passed","message":"","name":"C:/Users/VISHAL/Desktop/20-12-2025/All_full_stack_preparation/expo/retry-the-project/apps/backend/src/services/__tests__/schema-packet-builder.test.js"}]}