{"total": {"lines":{"total":2938,"covered":1040,"skipped":0,"pct":35.39},"statements":{"total":3417,"covered":1182,"skipped":0,"pct":34.59},"functions":{"total":935,"covered":303,"skipped":0,"pct":32.4},"branches":{"total":2871,"covered":814,"skipped":0,"pct":28.35},"branchesTrue":{"total":0,"covered":0,"skipped":0,"pct":100}}
,"C:\\Users\\VISHAL\\Desktop\\20-12-2025\\All_full_stack_preparation\\expo\\retry-the-project\\apps\\frontend\\src\\app\\App.tsx": {"lines":{"total":1,"covered":0,"skipped":0,"pct":0},"functions":{"total":1,"covered":0,"skipped":0,"pct":0},"statements":{"total":1,"covered":0,"skipped":0,"pct":0},"branches":{"total":0,"covered":0,"skipped":0,"pct":100}}
,"C:\\Users\\VISHAL\\Desktop\\20-12-2025\\All_full_stack_preparation\\expo\\retry-the-project\\apps\\frontend\\src\\app\\providers\\AppErrorBoundary.tsx": {"lines":{"total":7,"covered":0,"skipped":0,"pct":0},"functions":{"total":4,"covered":0,"skipped":0,"pct":0},"statements":{"total":7,"covered":0,"skipped":0,"pct":0},"branches":{"total":4,"covered":0,"skipped":0,"pct":0}}
,"C:\\Users\\VISHAL\\Desktop\\20-12-2025\\All_full_stack_preparation\\expo\\retry-the-project\\apps\\frontend\\src\\app\\providers\\AppProviders.tsx": {"lines":{"total":1,"covered":0,"skipped":0,"pct":0},"functions":{"total":1,"covered":0,"skipped":0,"pct":0},"statements":{"total":2,"covered":0,"skipped":0,"pct":0},"branches":{"total":0,"covered":0,"skipped":0,"pct":100}}
,"C:\\Users\\VISHAL\\Desktop\\20-12-2025\\All_full_stack_preparation\\expo\\retry-the-project\\apps\\frontend\\src\\app\\routes\\AppRouter.tsx": {"lines":{"total":1,"covered":0,"skipped":0,"pct":0},"functions":{"total":1,"covered":0,"skipped":0,"pct":0},"statements":{"total":1,"covered":0,"skipped":0,"pct":0},"branches":{"total":0,"covered":0,"skipped":0,"pct":100}}
,"C:\\Users\\VISHAL\\Desktop\\20-12-2025\\All_full_stack_preparation\\expo\\retry-the-project\\apps\\frontend\\src\\app\\routes\\NotFoundPage.tsx": {"lines":{"total":5,"covered":0,"skipped":0,"pct":0},"functions":{"total":2,"covered":0,"skipped":0,"pct":0},"statements":{"total":5,"covered":0,"skipped":0,"pct":0},"branches":{"total":0,"covered":0,"skipped":0,"pct":100}}
,"C:\\Users\\VISHAL\\Desktop\\20-12-2025\\All_full_stack_preparation\\expo\\retry-the-project\\apps\\frontend\\src\\features\\dashboard\\components\\AnalyticsChart.tsx": {"lines":{"total":62,"covered":32,"skipped":0,"pct":51.61},"functions":{"total":17,"covered":5,"skipped":0,"pct":29.41},"statements":{"total":66,"covered":33,"skipped":0,"pct":50},"branches":{"total":54,"covered":17,"skipped":0,"pct":31.48}}
,"C:\\Users\\VISHAL\\Desktop\\20-12-2025\\All_full_stack_preparation\\expo\\retry-the-project\\apps\\frontend\\src\\features\\dashboard\\components\\AnalyticsSidebar.tsx": {"lines":{"total":61,"covered":1,"skipped":0,"pct":1.63},"functions":{"total":18,"covered":0,"skipped":0,"pct":0},"statements":{"total":67,"covered":1,"skipped":0,"pct":1.49},"branches":{"total":63,"covered":0,"skipped":0,"pct":0}}
,"C:\\Users\\VISHAL\\Desktop\\20-12-2025\\All_full_stack_preparation\\expo\\retry-the-project\\apps\\frontend\\src\\features\\dashboard\\components\\DashboardFilters.tsx": {"lines":{"total":24,"covered":15,"skipped":0,"pct":62.5},"functions":{"total":16,"covered":8,"skipped":0,"pct":50},"statements":{"total":27,"covered":17,"skipped":0,"pct":62.96},"branches":{"total":18,"covered":10,"skipped":0,"pct":55.55}}
,"C:\\Users\\VISHAL\\Desktop\\20-12-2025\\All_full_stack_preparation\\expo\\retry-the-project\\apps\\frontend\\src\\features\\dashboard\\components\\DataQualityPanel.tsx": {"lines":{"total":21,"covered":1,"skipped":0,"pct":4.76},"functions":{"total":8,"covered":0,"skipped":0,"pct":0},"statements":{"total":27,"covered":1,"skipped":0,"pct":3.7},"branches":{"total":48,"covered":0,"skipped":0,"pct":0}}
,"C:\\Users\\VISHAL\\Desktop\\20-12-2025\\All_full_stack_preparation\\expo\\retry-the-project\\apps\\frontend\\src\\features\\dashboard\\components\\ExportMenu.tsx": {"lines":{"total":24,"covered":0,"skipped":0,"pct":0},"functions":{"total":5,"covered":0,"skipped":0,"pct":0},"statements":{"total":25,"covered":0,"skipped":0,"pct":0},"branches":{"total":10,"covered":0,"skipped":0,"pct":0}}
,"C:\\Users\\VISHAL\\Desktop\\20-12-2025\\All_full_stack_preparation\\expo\\retry-the-project\\apps\\frontend\\src\\features\\dashboard\\components\\KPICard.tsx": {"lines":{"total":19,"covered":16,"skipped":0,"pct":84.21},"functions":{"total":2,"covered":1,"skipped":0,"pct":50},"statements":{"total":19,"covered":16,"skipped":0,"pct":84.21},"branches":{"total":26,"covered":14,"skipped":0,"pct":53.84}}
,"C:\\Users\\VISHAL\\Desktop\\20-12-2025\\All_full_stack_preparation\\expo\\retry-the-project\\apps\\frontend\\src\\features\\dashboard\\components\\LlamaQueryBuilder.tsx": {"lines":{"total":42,"covered":0,"skipped":0,"pct":0},"functions":{"total":11,"covered":0,"skipped":0,"pct":0},"statements":{"total":47,"covered":0,"skipped":0,"pct":0},"branches":{"total":57,"covered":0,"skipped":0,"pct":0}}
,"C:\\Users\\VISHAL\\Desktop\\20-12-2025\\All_full_stack_preparation\\expo\\retry-the-project\\apps\\frontend\\src\\features\\dashboard\\components\\RecommendationsPanel.tsx": {"lines":{"total":36,"covered":0,"skipped":0,"pct":0},"functions":{"total":7,"covered":0,"skipped":0,"pct":0},"statements":{"total":38,"covered":0,"skipped":0,"pct":0},"branches":{"total":30,"covered":0,"skipped":0,"pct":0}}
,"C:\\Users\\VISHAL\\Desktop\\20-12-2025\\All_full_stack_preparation\\expo\\retry-the-project\\apps\\frontend\\src\\features\\dashboard\\components\\SchemaDashboardChat.tsx": {"lines":{"total":33,"covered":29,"skipped":0,"pct":87.87},"functions":{"total":15,"covered":11,"skipped":0,"pct":73.33},"statements":{"total":41,"covered":32,"skipped":0,"pct":78.04},"branches":{"total":43,"covered":25,"skipped":0,"pct":58.13}}
,"C:\\Users\\VISHAL\\Desktop\\20-12-2025\\All_full_stack_preparation\\expo\\retry-the-project\\apps\\frontend\\src\\features\\dashboard\\components\\SmartChartCard.tsx": {"lines":{"total":60,"covered":9,"skipped":0,"pct":15},"functions":{"total":22,"covered":5,"skipped":0,"pct":22.72},"statements":{"total":68,"covered":10,"skipped":0,"pct":14.7},"branches":{"total":55,"covered":24,"skipped":0,"pct":43.63}}
,"C:\\Users\\VISHAL\\Desktop\\20-12-2025\\All_full_stack_preparation\\expo\\retry-the-project\\apps\\frontend\\src\\features\\dashboard\\hooks\\useEliteAnalytics.ts": {"lines":{"total":6,"covered":0,"skipped":0,"pct":0},"functions":{"total":2,"covered":0,"skipped":0,"pct":0},"statements":{"total":6,"covered":0,"skipped":0,"pct":0},"branches":{"total":2,"covered":0,"skipped":0,"pct":0}}
,"C:\\Users\\VISHAL\\Desktop\\20-12-2025\\All_full_stack_preparation\\expo\\retry-the-project\\apps\\frontend\\src\\features\\dashboard\\hooks\\useKPIEngine.ts": {"lines":{"total":184,"covered":144,"skipped":0,"pct":78.26},"functions":{"total":49,"covered":41,"skipped":0,"pct":83.67},"statements":{"total":225,"covered":173,"skipped":0,"pct":76.88},"branches":{"total":274,"covered":160,"skipped":0,"pct":58.39}}
,"C:\\Users\\VISHAL\\Desktop\\20-12-2025\\All_full_stack_preparation\\expo\\retry-the-project\\apps\\frontend\\src\\features\\dashboard\\hooks\\useSchemaTrainedDashboard.ts": {"lines":{"total":87,"covered":0,"skipped":0,"pct":0},"functions":{"total":24,"covered":0,"skipped":0,"pct":0},"statements":{"total":106,"covered":0,"skipped":0,"pct":0},"branches":{"total":56,"covered":0,"skipped":0,"pct":0}}
,"C:\\Users\\VISHAL\\Desktop\\20-12-2025\\All_full_stack_preparation\\expo\\retry-the-project\\apps\\frontend\\src\\features\\dashboard\\pages\\DashboardPage.tsx": {"lines":{"total":92,"covered":40,"skipped":0,"pct":43.47},"functions":{"total":31,"covered":11,"skipped":0,"pct":35.48},"statements":{"total":107,"covered":41,"skipped":0,"pct":38.31},"branches":{"total":98,"covered":31,"skipped":0,"pct":31.63}}
,"C:\\Users\\VISHAL\\Desktop\\20-12-2025\\All_full_stack_preparation\\expo\\retry-the-project\\apps\\frontend\\src\\features\\dashboard\\pages\\DataTablePage.tsx": {"lines":{"total":173,"covered":0,"skipped":0,"pct":0},"functions":{"total":96,"covered":0,"skipped":0,"pct":0},"statements":{"total":216,"covered":0,"skipped":0,"pct":0},"branches":{"total":130,"covered":0,"skipped":0,"pct":0}}
,"C:\\Users\\VISHAL\\Desktop\\20-12-2025\\All_full_stack_preparation\\expo\\retry-the-project\\apps\\frontend\\src\\features\\dashboard\\pages\\EliteDashboardPage.tsx": {"lines":{"total":126,"covered":0,"skipped":0,"pct":0},"functions":{"total":72,"covered":0,"skipped":0,"pct":0},"statements":{"total":158,"covered":0,"skipped":0,"pct":0},"branches":{"total":104,"covered":0,"skipped":0,"pct":0}}
,"C:\\Users\\VISHAL\\Desktop\\20-12-2025\\All_full_stack_preparation\\expo\\retry-the-project\\apps\\frontend\\src\\features\\dashboard\\types\\dashboardTypes.ts": {"lines":{"total":0,"covered":0,"skipped":0,"pct":100},"functions":{"total":0,"covered":0,"skipped":0,"pct":100},"statements":{"total":0,"covered":0,"skipped":0,"pct":100},"branches":{"total":0,"covered":0,"skipped":0,"pct":100}}
,"C:\\Users\\VISHAL\\Desktop\\20-12-2025\\All_full_stack_preparation\\expo\\retry-the-project\\apps\\frontend\\src\\features\\dashboard\\utils\\dashboardAnalytics.ts": {"lines":{"total":346,"covered":82,"skipped":0,"pct":23.69},"functions":{"total":126,"covered":39,"skipped":0,"pct":30.95},"statements":{"total":419,"covered":104,"skipped":0,"pct":24.82},"branches":{"total":369,"covered":66,"skipped":0,"pct":17.88}}
,"C:\\Users\\VISHAL\\Desktop\\20-12-2025\\All_full_stack_preparation\\expo\\retry-the-project\\apps\\frontend\\src\\features\\dashboard\\utils\\dashboardController.ts": {"lines":{"total":70,"covered":0,"skipped":0,"pct":0},"functions":{"total":6,"covered":0,"skipped":0,"pct":0},"statements":{"total":82,"covered":0,"skipped":0,"pct":0},"branches":{"total":119,"covered":0,"skipped":0,"pct":0}}
,"C:\\Users\\VISHAL\\Desktop\\20-12-2025\\All_full_stack_preparation\\expo\\retry-the-project\\apps\\frontend\\src\\features\\dashboard\\utils\\dashboardStateStorage.ts": {"lines":{"total":11,"covered":0,"skipped":0,"pct":0},"functions":{"total":3,"covered":0,"skipped":0,"pct":0},"statements":{"total":13,"covered":0,"skipped":0,"pct":0},"branches":{"total":18,"covered":0,"skipped":0,"pct":0}}
,"C:\\Users\\VISHAL\\Desktop\\20-12-2025\\All_full_stack_preparation\\expo\\retry-the-project\\apps\\frontend\\src\\features\\dashboard\\utils\\dynamicQuestionSuggestions.ts": {"lines":{"total":66,"covered":35,"skipped":0,"pct":53.03},"functions":{"total":13,"covered":8,"skipped":0,"pct":61.53},"statements":{"total":71,"covered":37,"skipped":0,"pct":52.11},"branches":{"total":69,"covered":24,"skipped":0,"pct":34.78}}
,"C:\\Users\\VISHAL\\Desktop\\20-12-2025\\All_full_stack_preparation\\expo\\retry-the-project\\apps\\frontend\\src\\features\\dashboard\\utils\\schemaLocalAnalytics.ts": {"lines":{"total":118,"covered":76,"skipped":0,"pct":64.4},"functions":{"total":39,"covered":27,"skipped":0,"pct":69.23},"statements":{"total":157,"covered":95,"skipped":0,"pct":60.5},"branches":{"total":144,"covered":70,"skipped":0,"pct":48.61}}
,"C:\\Users\\VISHAL\\Desktop\\20-12-2025\\All_full_stack_preparation\\expo\\retry-the-project\\apps\\frontend\\src\\features\\data\\api\\dataApi.ts": {"lines":{"total":98,"covered":31,"skipped":0,"pct":31.63},"functions":{"total":44,"covered":6,"skipped":0,"pct":13.63},"statements":{"total":103,"covered":31,"skipped":0,"pct":30.09},"branches":{"total":74,"covered":19,"skipped":0,"pct":25.67}}
,"C:\\Users\\VISHAL\\Desktop\\20-12-2025\\All_full_stack_preparation\\expo\\retry-the-project\\apps\\frontend\\src\\features\\data\\api\\schemaTrainedApi.additions.ts": {"lines":{"total":13,"covered":0,"skipped":0,"pct":0},"functions":{"total":7,"covered":0,"skipped":0,"pct":0},"statements":{"total":14,"covered":0,"skipped":0,"pct":0},"branches":{"total":12,"covered":0,"skipped":0,"pct":0}}
,"C:\\Users\\VISHAL\\Desktop\\20-12-2025\\All_full_stack_preparation\\expo\\retry-the-project\\apps\\frontend\\src\\features\\data\\context\\DataContext.tsx": {"lines":{"total":197,"covered":0,"skipped":0,"pct":0},"functions":{"total":37,"covered":0,"skipped":0,"pct":0},"statements":{"total":211,"covered":0,"skipped":0,"pct":0},"branches":{"total":107,"covered":0,"skipped":0,"pct":0}}
,"C:\\Users\\VISHAL\\Desktop\\20-12-2025\\All_full_stack_preparation\\expo\\retry-the-project\\apps\\frontend\\src\\features\\data\\context\\data-context-store.ts": {"lines":{"total":1,"covered":0,"skipped":0,"pct":0},"functions":{"total":0,"covered":0,"skipped":0,"pct":100},"statements":{"total":1,"covered":0,"skipped":0,"pct":0},"branches":{"total":0,"covered":0,"skipped":0,"pct":100}}
,"C:\\Users\\VISHAL\\Desktop\\20-12-2025\\All_full_stack_preparation\\expo\\retry-the-project\\apps\\frontend\\src\\features\\data\\context\\localDataContext.tsx": {"lines":{"total":60,"covered":0,"skipped":0,"pct":0},"functions":{"total":7,"covered":0,"skipped":0,"pct":0},"statements":{"total":61,"covered":0,"skipped":0,"pct":0},"branches":{"total":39,"covered":0,"skipped":0,"pct":0}}
,"C:\\Users\\VISHAL\\Desktop\\20-12-2025\\All_full_stack_preparation\\expo\\retry-the-project\\apps\\frontend\\src\\features\\data\\context\\useData.ts": {"lines":{"total":4,"covered":0,"skipped":0,"pct":0},"functions":{"total":1,"covered":0,"skipped":0,"pct":0},"statements":{"total":5,"covered":0,"skipped":0,"pct":0},"branches":{"total":2,"covered":0,"skipped":0,"pct":0}}
,"C:\\Users\\VISHAL\\Desktop\\20-12-2025\\All_full_stack_preparation\\expo\\retry-the-project\\apps\\frontend\\src\\features\\data\\model\\analyticsEngine.ts": {"lines":{"total":422,"covered":366,"skipped":0,"pct":86.72},"functions":{"total":110,"covered":103,"skipped":0,"pct":93.63},"statements":{"total":507,"covered":418,"skipped":0,"pct":82.44},"branches":{"total":407,"covered":244,"skipped":0,"pct":59.95}}
,"C:\\Users\\VISHAL\\Desktop\\20-12-2025\\All_full_stack_preparation\\expo\\retry-the-project\\apps\\frontend\\src\\features\\data\\model\\dataStore.ts": {"lines":{"total":253,"covered":115,"skipped":0,"pct":45.45},"functions":{"total":54,"covered":25,"skipped":0,"pct":46.29},"statements":{"total":278,"covered":123,"skipped":0,"pct":44.24},"branches":{"total":245,"covered":68,"skipped":0,"pct":27.75}}
,"C:\\Users\\VISHAL\\Desktop\\20-12-2025\\All_full_stack_preparation\\expo\\retry-the-project\\apps\\frontend\\src\\features\\data\\pages\\MobileUploadPortal.tsx": {"lines":{"total":57,"covered":0,"skipped":0,"pct":0},"functions":{"total":29,"covered":0,"skipped":0,"pct":0},"statements":{"total":64,"covered":0,"skipped":0,"pct":0},"branches":{"total":53,"covered":0,"skipped":0,"pct":0}}
,"C:\\Users\\VISHAL\\Desktop\\20-12-2025\\All_full_stack_preparation\\expo\\retry-the-project\\apps\\frontend\\src\\features\\data\\pages\\UploadPage.tsx": {"lines":{"total":58,"covered":35,"skipped":0,"pct":60.34},"functions":{"total":23,"covered":9,"skipped":0,"pct":39.13},"statements":{"total":61,"covered":37,"skipped":0,"pct":60.65},"branches":{"total":59,"covered":29,"skipped":0,"pct":49.15}}
,"C:\\Users\\VISHAL\\Desktop\\20-12-2025\\All_full_stack_preparation\\expo\\retry-the-project\\apps\\frontend\\src\\features\\data\\utils\\exportUtils.ts": {"lines":{"total":13,"covered":0,"skipped":0,"pct":0},"functions":{"total":4,"covered":0,"skipped":0,"pct":0},"statements":{"total":14,"covered":0,"skipped":0,"pct":0},"branches":{"total":7,"covered":0,"skipped":0,"pct":0}}
,"C:\\Users\\VISHAL\\Desktop\\20-12-2025\\All_full_stack_preparation\\expo\\retry-the-project\\apps\\frontend\\src\\features\\data\\utils\\localFileProcessor.ts": {"lines":{"total":67,"covered":0,"skipped":0,"pct":0},"functions":{"total":18,"covered":0,"skipped":0,"pct":0},"statements":{"total":78,"covered":0,"skipped":0,"pct":0},"branches":{"total":49,"covered":0,"skipped":0,"pct":0}}
,"C:\\Users\\VISHAL\\Desktop\\20-12-2025\\All_full_stack_preparation\\expo\\retry-the-project\\apps\\frontend\\src\\shared\\layout\\AppLayout.tsx": {"lines":{"total":7,"covered":3,"skipped":0,"pct":42.85},"functions":{"total":5,"covered":1,"skipped":0,"pct":20},"statements":{"total":7,"covered":3,"skipped":0,"pct":42.85},"branches":{"total":6,"covered":3,"skipped":0,"pct":50}}
,"C:\\Users\\VISHAL\\Desktop\\20-12-2025\\All_full_stack_preparation\\expo\\retry-the-project\\apps\\frontend\\src\\shared\\layout\\AppSidebar.tsx": {"lines":{"total":5,"covered":5,"skipped":0,"pct":100},"functions":{"total":2,"covered":2,"skipped":0,"pct":100},"statements":{"total":5,"covered":5,"skipped":0,"pct":100},"branches":{"total":5,"covered":5,"skipped":0,"pct":100}}
,"C:\\Users\\VISHAL\\Desktop\\20-12-2025\\All_full_stack_preparation\\expo\\retry-the-project\\apps\\frontend\\src\\shared\\layout\\StatusPanel.tsx": {"lines":{"total":2,"covered":1,"skipped":0,"pct":50},"functions":{"total":1,"covered":0,"skipped":0,"pct":0},"statements":{"total":2,"covered":1,"skipped":0,"pct":50},"branches":{"total":3,"covered":0,"skipped":0,"pct":0}}
,"C:\\Users\\VISHAL\\Desktop\\20-12-2025\\All_full_stack_preparation\\expo\\retry-the-project\\apps\\frontend\\src\\shared\\layout\\ThemeToggle.tsx": {"lines":{"total":5,"covered":4,"skipped":0,"pct":80},"functions":{"total":2,"covered":1,"skipped":0,"pct":50},"statements":{"total":5,"covered":4,"skipped":0,"pct":80},"branches":{"total":12,"covered":5,"skipped":0,"pct":41.66}}
}
