{"numTotalTestSuites":20,"numPassedTestSuites":20,"numFailedTestSuites":0,"numPendingTestSuites":0,"numTotalTests":24,"numPassedTests":24,"numFailedTests":0,"numPendingTests":0,"numTodoTests":0,"snapshot":{"added":0,"failure":false,"filesAdded":0,"filesRemoved":0,"filesRemovedList":[],"filesUnmatched":0,"filesUpdated":0,"matched":0,"total":0,"unchecked":0,"uncheckedKeysByFile":[],"unmatched":0,"updated":0,"didUpdate":false},"startTime":1779286069906,"success":true,"testResults":[{"assertionResults":[{"ancestorTitles":["dashboard command service"],"fullName":"dashboard command service creates schema-only KPI commands without local KPI values","status":"passed","title":"creates schema-only KPI commands without local KPI values","duration":40.95479999999998,"failureMessages":[],"meta":{},"tags":[]}],"startTime":1779286073369,"endTime":1779286073409.9548,"status":"passed","message":"","name":"C:/Users/VISHAL/Desktop/20-12-2025/All_full_stack_preparation/expo/retry-the-project/apps/backend/src/__tests__/dashboard-command.test.js"},{"assertionResults":[{"ancestorTitles":["dashboard plan engine"],"fullName":"dashboard plan engine generates KPI and chart specs from schema only","status":"passed","title":"generates KPI and chart specs from schema only","duration":11.799299999999903,"failureMessages":[],"meta":{},"tags":[]},{"ancestorTitles":["dashboard plan engine"],"fullName":"dashboard plan engine rejects invalid scatter and unknown columns","status":"passed","title":"rejects invalid scatter and unknown columns","duration":0.9343999999998687,"failureMessages":[],"meta":{},"tags":[]},{"ancestorTitles":["dashboard plan engine"],"fullName":"dashboard plan engine removes chart.data from sanitized chart specs","status":"passed","title":"removes chart.data from sanitized chart specs","duration":1.805699999999888,"failureMessages":[],"meta":{},"tags":[]}],"startTime":1779286072191,"endTime":1779286072205.8057,"status":"passed","message":"","name":"C:/Users/VISHAL/Desktop/20-12-2025/All_full_stack_preparation/expo/retry-the-project/apps/backend/src/__tests__/dashboard-plan-engine.test.js"},{"assertionResults":[{"ancestorTitles":["health API"],"fullName":"health API GET /api/health returns healthy quickly","status":"passed","title":"GET /api/health returns healthy quickly","duration":8.49429999999984,"failureMessages":[],"meta":{},"tags":[]}],"startTime":1779286072408,"endTime":1779286072416.4944,"status":"passed","message":"","name":"C:/Users/VISHAL/Desktop/20-12-2025/All_full_stack_preparation/expo/retry-the-project/apps/backend/src/__tests__/health.test.js"},{"assertionResults":[{"ancestorTitles":["Ollama schema-only safety"],"fullName":"Ollama schema-only safety sends schema only to Ollama and strips malicious chart.data responses","status":"passed","title":"sends schema only to Ollama and strips malicious chart.data responses","duration":43.5292000000004,"failureMessages":[],"meta":{},"tags":[]},{"ancestorTitles":["Ollama schema-only safety"],"fullName":"Ollama schema-only safety falls back to local dashboard plan when Ollama is down","status":"passed","title":"falls back to local dashboard plan when Ollama is down","duration":3.6705000000001746,"failureMessages":[],"meta":{},"tags":[]}],"startTime":1779286073370,"endTime":1779286073417.6704,"status":"passed","message":"","name":"C:/Users/VISHAL/Desktop/20-12-2025/All_full_stack_preparation/expo/retry-the-project/apps/backend/src/__tests__/ollama-schema-safety.test.js"},{"assertionResults":[{"ancestorTitles":["PDF intelligence route surface"],"fullName":"PDF intelligence route surface returns a safe validation error when asking an unknown PDF knowledge base","status":"passed","title":"returns a safe validation error when asking an unknown PDF knowledge base","duration":12.789099999999962,"failureMessages":[],"meta":{},"tags":[]}],"startTime":1779286073547,"endTime":1779286073559.789,"status":"passed","message":"","name":"C:/Users/VISHAL/Desktop/20-12-2025/All_full_stack_preparation/expo/retry-the-project/apps/backend/src/__tests__/pdf-intelligence.test.js"},{"assertionResults":[{"ancestorTitles":["schema fingerprint"],"fullName":"schema fingerprint detects schema roles and excludes raw rows from schema-only packet","status":"passed","title":"detects schema roles and excludes raw rows from schema-only packet","duration":39.323900000000094,"failureMessages":[],"meta":{},"tags":[]}],"startTime":1779286071787,"endTime":1779286071826.324,"status":"passed","message":"","name":"C:/Users/VISHAL/Desktop/20-12-2025/All_full_stack_preparation/expo/retry-the-project/apps/backend/src/__tests__/schema-fingerprint.test.js"},{"assertionResults":[{"ancestorTitles":["schema training memory routes"],"fullName":"schema training memory routes loads, trains, and matches similar schema memory","status":"passed","title":"loads, trains, and matches similar schema memory","duration":1826.3037,"failureMessages":[],"meta":{},"tags":[]}],"startTime":1779286071585,"endTime":1779286073411.3037,"status":"passed","message":"","name":"C:/Users/VISHAL/Desktop/20-12-2025/All_full_stack_preparation/expo/retry-the-project/apps/backend/src/__tests__/schema-memory.test.js"},{"assertionResults":[{"ancestorTitles":["schema-trained AI routes"],"fullName":"schema-trained AI routes generates a schema-only dashboard plan without raw rows or chart data","status":"passed","title":"generates a schema-only dashboard plan without raw rows or chart data","duration":44.82880000000023,"failureMessages":[],"meta":{},"tags":[]},{"ancestorTitles":["schema-trained AI routes"],"fullName":"schema-trained AI routes routes a valid dashboard command to a safe chart spec","status":"passed","title":"routes a valid dashboard command to a safe chart spec","duration":6.3641999999999825,"failureMessages":[],"meta":{},"tags":[]},{"ancestorTitles":["schema-trained AI routes"],"fullName":"schema-trained AI routes handles invalid scatter conversion safely","status":"passed","title":"handles invalid scatter conversion safely","duration":2.165100000000166,"failureMessages":[],"meta":{},"tags":[]},{"ancestorTitles":["schema-trained AI routes"],"fullName":"schema-trained AI routes answers schema chat without fake KPI values or raw row packet","status":"passed","title":"answers schema chat without fake KPI values or raw row packet","duration":3.1516999999998916,"failureMessages":[],"meta":{},"tags":[]}],"startTime":1779286073369,"endTime":1779286073425.1516,"status":"passed","message":"","name":"C:/Users/VISHAL/Desktop/20-12-2025/All_full_stack_preparation/expo/retry-the-project/apps/backend/src/__tests__/schema-trained-ai.routes.test.js"},{"assertionResults":[{"ancestorTitles":["schema-only dashboard engine"],"fullName":"schema-only dashboard engine sends only the safe schema packet to the LLM","status":"passed","title":"sends only the safe schema packet to the LLM","duration":12.968499999999949,"failureMessages":[],"meta":{},"tags":[]},{"ancestorTitles":["schema-only dashboard engine"],"fullName":"schema-only dashboard engine validates and executes chart plans locally","status":"passed","title":"validates and executes chart plans locally","duration":3.0727999999999156,"failureMessages":[],"meta":{},"tags":[]}],"startTime":1779286073355,"endTime":1779286073371.0728,"status":"passed","message":"","name":"C:/Users/VISHAL/Desktop/20-12-2025/All_full_stack_preparation/expo/retry-the-project/apps/backend/src/services/__tests__/schema-only-dashboard-engine.test.js"},{"assertionResults":[{"ancestorTitles":["Schema Packet Builder"],"fullName":"Schema Packet Builder builds valid schema packet","status":"passed","title":"builds valid schema packet","duration":8.663000000000011,"failureMessages":[],"meta":{},"tags":[]},{"ancestorTitles":["Schema Packet Builder"],"fullName":"Schema Packet Builder extracts numeric statistics","status":"passed","title":"extracts numeric statistics","duration":1.1160999999999603,"failureMessages":[],"meta":{},"tags":[]},{"ancestorTitles":["Schema Packet Builder"],"fullName":"Schema Packet Builder extracts categorical statistics","status":"passed","title":"extracts categorical statistics","duration":0.5235000000000127,"failureMessages":[],"meta":{},"tags":[]},{"ancestorTitles":["Schema Packet Builder"],"fullName":"Schema Packet Builder handles empty datasets","status":"passed","title":"handles empty datasets","duration":2.2821000000001277,"failureMessages":[],"meta":{},"tags":[]},{"ancestorTitles":["Schema Packet Builder"],"fullName":"Schema Packet Builder validates columns exist","status":"passed","title":"validates columns exist","duration":1.1454999999998563,"failureMessages":[],"meta":{},"tags":[]},{"ancestorTitles":["Schema Packet Builder"],"fullName":"Schema Packet Builder rejects invalid columns","status":"passed","title":"rejects invalid columns","duration":0.9005999999999403,"failureMessages":[],"meta":{},"tags":[]},{"ancestorTitles":["Schema Packet Builder"],"fullName":"Schema Packet Builder calculates data quality score","status":"passed","title":"calculates data quality score","duration":1.0620000000001255,"failureMessages":[],"meta":{},"tags":[]},{"ancestorTitles":["Schema Packet Builder"],"fullName":"Schema Packet Builder formats schema for prompt","status":"passed","title":"formats schema for prompt","duration":1.202099999999973,"failureMessages":[],"meta":{},"tags":[]}],"startTime":1779286071852,"endTime":1779286071870.2021,"status":"passed","message":"","name":"C:/Users/VISHAL/Desktop/20-12-2025/All_full_stack_preparation/expo/retry-the-project/apps/backend/src/services/__tests__/schema-packet-builder.test.js"}],"coverageMap":{"C:\\Users\\VISHAL\\Desktop\\20-12-2025\\All_full_stack_preparation\\expo\\retry-the-project\\apps\\backend\\src\\services\\ai-analyst\\schema-trained-ai-service.js":{"path":"C:\\Users\\VISHAL\\Desktop\\20-12-2025\\All_full_stack_preparation\\expo\\retry-the-project\\apps\\backend\\src\\services\\ai-analyst\\schema-trained-ai-service.js","statementMap":{"0":{"start":{"line":19,"column":15},"end":{"line":19,"column":41}},"1":{"start":{"line":20,"column":20},"end":{"line":20,"column":92}},"2":{"start":{"line":20,"column":55},"end":{"line":20,"column":91}},"3":{"start":{"line":21,"column":2},"end":{"line":25,"column":null}},"4":{"start":{"line":29,"column":15},"end":{"line":29,"column":41}},"5":{"start":{"line":30,"column":2},"end":{"line":31,"column":null}},"6":{"start":{"line":30,"column":42},"end":{"line":30,"column":159}},"7":{"start":{"line":35,"column":15},"end":{"line":35,"column":41}},"8":{"start":{"line":36,"column":2},"end":{"line":36,"column":null}},"9":{"start":{"line":36,"column":42},"end":{"line":36,"column":114}},"10":{"start":{"line":40,"column":17},"end":{"line":40,"column":45}},"11":{"start":{"line":41,"column":21},"end":{"line":41,"column":92}},"12":{"start":{"line":42,"column":21},"end":{"line":42,"column":70}},"13":{"start":{"line":43,"column":18},"end":{"line":43,"column":50}},"14":{"start":{"line":45,"column":16},"end":{"line":45,"column":20}},"15":{"start":{"line":46,"column":2},"end":{"line":48,"column":null}},"16":{"start":{"line":47,"column":4},"end":{"line":47,"column":null}},"17":{"start":{"line":50,"column":26},"end":{"line":55,"column":3}},"18":{"start":{"line":56,"column":23},"end":{"line":58,"column":4}},"19":{"start":{"line":60,"column":2},"end":{"line":83,"column":null}},"20":{"start":{"line":68,"column":59},"end":{"line":72,"column":5}},"21":{"start":{"line":87,"column":2},"end":{"line":87,"column":null}},"22":{"start":{"line":91,"column":16},"end":{"line":91,"column":49}},"23":{"start":{"line":92,"column":17},"end":{"line":92,"column":144}},"24":{"start":{"line":93,"column":17},"end":{"line":93,"column":46}},"25":{"start":{"line":94,"column":19},"end":{"line":94,"column":79}},"26":{"start":{"line":95,"column":14},"end":{"line":95,"column":38}},"27":{"start":{"line":97,"column":2},"end":{"line":99,"column":null}},"28":{"start":{"line":98,"column":4},"end":{"line":98,"column":null}},"29":{"start":{"line":101,"column":2},"end":{"line":103,"column":null}},"30":{"start":{"line":102,"column":4},"end":{"line":102,"column":null}},"31":{"start":{"line":105,"column":19},"end":{"line":105,"column":120}},"32":{"start":{"line":106,"column":2},"end":{"line":124,"column":null}},"33":{"start":{"line":108,"column":6},"end":{"line":114,"column":13}},"34":{"start":{"line":116,"column":19},"end":{"line":121,"column":15}},"35":{"start":{"line":123,"column":4},"end":{"line":123,"column":null}},"36":{"start":{"line":126,"column":2},"end":{"line":136,"column":null}},"37":{"start":{"line":127,"column":19},"end":{"line":127,"column":62}},"38":{"start":{"line":128,"column":21},"end":{"line":128,"column":82}},"39":{"start":{"line":129,"column":4},"end":{"line":135,"column":null}},"40":{"start":{"line":138,"column":13},"end":{"line":138,"column":18}},"41":{"start":{"line":139,"column":2},"end":{"line":147,"column":null}},"42":{"start":{"line":139,"column":29},"end":{"line":139,"column":null}},"43":{"start":{"line":140,"column":7},"end":{"line":147,"column":null}},"44":{"start":{"line":140,"column":30},"end":{"line":140,"column":null}},"45":{"start":{"line":141,"column":7},"end":{"line":147,"column":null}},"46":{"start":{"line":141,"column":41},"end":{"line":141,"column":null}},"47":{"start":{"line":142,"column":7},"end":{"line":147,"column":null}},"48":{"start":{"line":142,"column":49},"end":{"line":142,"column":null}},"49":{"start":{"line":143,"column":7},"end":{"line":147,"column":null}},"50":{"start":{"line":143,"column":42},"end":{"line":143,"column":null}},"51":{"start":{"line":144,"column":7},"end":{"line":147,"column":null}},"52":{"start":{"line":144,"column":31},"end":{"line":144,"column":null}},"53":{"start":{"line":145,"column":7},"end":{"line":147,"column":null}},"54":{"start":{"line":145,"column":32},"end":{"line":145,"column":null}},"55":{"start":{"line":146,"column":7},"end":{"line":147,"column":null}},"56":{"start":{"line":146,"column":34},"end":{"line":146,"column":null}},"57":{"start":{"line":147,"column":7},"end":{"line":147,"column":null}},"58":{"start":{"line":147,"column":35},"end":{"line":147,"column":null}},"59":{"start":{"line":149,"column":2},"end":{"line":167,"column":null}},"60":{"start":{"line":150,"column":30},"end":{"line":153,"column":5}},"61":{"start":{"line":151,"column":6},"end":{"line":152,"column":null}},"62":{"start":{"line":154,"column":28},"end":{"line":157,"column":5}},"63":{"start":{"line":155,"column":6},"end":{"line":156,"column":null}},"64":{"start":{"line":159,"column":4},"end":{"line":166,"column":null}},"65":{"start":{"line":160,"column":6},"end":{"line":165,"column":null}},"66":{"start":{"line":169,"column":13},"end":{"line":169,"column":71}},"67":{"start":{"line":170,"column":13},"end":{"line":170,"column":36}},"68":{"start":{"line":171,"column":20},"end":{"line":171,"column":44}},"69":{"start":{"line":173,"column":2},"end":{"line":177,"column":null}},"70":{"start":{"line":174,"column":4},"end":{"line":174,"column":null}},"71":{"start":{"line":175,"column":4},"end":{"line":175,"column":null}},"72":{"start":{"line":176,"column":4},"end":{"line":176,"column":null}},"73":{"start":{"line":179,"column":2},"end":{"line":183,"column":null}},"74":{"start":{"line":180,"column":4},"end":{"line":180,"column":null}},"75":{"start":{"line":181,"column":4},"end":{"line":181,"column":null}},"76":{"start":{"line":182,"column":4},"end":{"line":182,"column":null}},"77":{"start":{"line":185,"column":2},"end":{"line":189,"column":null}},"78":{"start":{"line":186,"column":4},"end":{"line":186,"column":null}},"79":{"start":{"line":187,"column":4},"end":{"line":187,"column":null}},"80":{"start":{"line":188,"column":4},"end":{"line":188,"column":null}},"81":{"start":{"line":191,"column":2},"end":{"line":195,"column":null}},"82":{"start":{"line":192,"column":4},"end":{"line":192,"column":null}},"83":{"start":{"line":193,"column":4},"end":{"line":193,"column":null}},"84":{"start":{"line":194,"column":4},"end":{"line":194,"column":null}},"85":{"start":{"line":197,"column":19},"end":{"line":204,"column":13}},"86":{"start":{"line":206,"column":20},"end":{"line":206,"column":67}},"87":{"start":{"line":207,"column":2},"end":{"line":214,"column":null}},"88":{"start":{"line":208,"column":4},"end":{"line":213,"column":null}},"89":{"start":{"line":216,"column":2},"end":{"line":222,"column":null}},"90":{"start":{"line":226,"column":17},"end":{"line":226,"column":45}},"91":{"start":{"line":227,"column":21},"end":{"line":227,"column":71}},"92":{"start":{"line":229,"column":2},"end":{"line":240,"column":null}},"93":{"start":{"line":230,"column":23},"end":{"line":235,"column":6}},"94":{"start":{"line":237,"column":4},"end":{"line":239,"column":null}},"95":{"start":{"line":238,"column":6},"end":{"line":238,"column":null}},"96":{"start":{"line":242,"column":2},"end":{"line":242,"column":null}},"97":{"start":{"line":246,"column":17},"end":{"line":246,"column":45}},"98":{"start":{"line":247,"column":16},"end":{"line":247,"column":43}},"99":{"start":{"line":248,"column":17},"end":{"line":248,"column":46}},"100":{"start":{"line":249,"column":18},"end":{"line":249,"column":47}},"101":{"start":{"line":250,"column":14},"end":{"line":250,"column":38}},"102":{"start":{"line":252,"column":22},"end":{"line":260,"column":29}},"103":{"start":{"line":262,"column":2},"end":{"line":264,"column":null}},"104":{"start":{"line":263,"column":4},"end":{"line":263,"column":null}},"105":{"start":{"line":266,"column":17},"end":{"line":266,"column":97}},"106":{"start":{"line":267,"column":2},"end":{"line":267,"column":null}}},"fnMap":{"0":{"name":"findColumn","decl":{"start":{"line":18,"column":9},"end":{"line":18,"column":19}},"loc":{"start":{"line":18,"column":56},"end":{"line":26,"column":null}},"line":18},"1":{"name":"(anonymous_1)","decl":{"start":{"line":20,"column":43},"end":{"line":20,"column":44}},"loc":{"start":{"line":20,"column":55},"end":{"line":20,"column":91}},"line":20},"2":{"name":"findCategory","decl":{"start":{"line":28,"column":9},"end":{"line":28,"column":21}},"loc":{"start":{"line":28,"column":37},"end":{"line":32,"column":null}},"line":28},"3":{"name":"(anonymous_3)","decl":{"start":{"line":30,"column":30},"end":{"line":30,"column":31}},"loc":{"start":{"line":30,"column":42},"end":{"line":30,"column":159}},"line":30},"4":{"name":"findExactColumn","decl":{"start":{"line":34,"column":9},"end":{"line":34,"column":24}},"loc":{"start":{"line":34,"column":40},"end":{"line":37,"column":null}},"line":34},"5":{"name":"(anonymous_5)","decl":{"start":{"line":36,"column":30},"end":{"line":36,"column":31}},"loc":{"start":{"line":36,"column":42},"end":{"line":36,"column":114}},"line":36},"6":{"name":"generateSchemaDashboard","decl":{"start":{"line":39,"column":22},"end":{"line":39,"column":45}},"loc":{"start":{"line":39,"column":69},"end":{"line":84,"column":null}},"line":39},"7":{"name":"(anonymous_7)","decl":{"start":{"line":68,"column":43},"end":{"line":68,"column":44}},"loc":{"start":{"line":68,"column":59},"end":{"line":72,"column":5}},"line":68},"8":{"name":"trainSchemaDashboard","decl":{"start":{"line":86,"column":16},"end":{"line":86,"column":36}},"loc":{"start":{"line":86,"column":127},"end":{"line":88,"column":null}},"line":86},"9":{"name":"localCommand","decl":{"start":{"line":90,"column":9},"end":{"line":90,"column":21}},"loc":{"start":{"line":90,"column":61},"end":{"line":223,"column":null}},"line":90},"10":{"name":"(anonymous_10)","decl":{"start":{"line":150,"column":51},"end":{"line":150,"column":52}},"loc":{"start":{"line":151,"column":6},"end":{"line":152,"column":null}},"line":151},"11":{"name":"(anonymous_11)","decl":{"start":{"line":154,"column":49},"end":{"line":154,"column":50}},"loc":{"start":{"line":155,"column":6},"end":{"line":156,"column":null}},"line":155},"12":{"name":"runDashboardCommand","decl":{"start":{"line":225,"column":22},"end":{"line":225,"column":41}},"loc":{"start":{"line":225,"column":100},"end":{"line":243,"column":null}},"line":225},"13":{"name":"runSchemaChat","decl":{"start":{"line":245,"column":22},"end":{"line":245,"column":35}},"loc":{"start":{"line":245,"column":71},"end":{"line":268,"column":null}},"line":245}},"branchMap":{"0":{"loc":{"start":{"line":18,"column":35},"end":{"line":18,"column":54}},"type":"default-arg","locations":[{"start":{"line":18,"column":52},"end":{"line":18,"column":54}}],"line":18},"1":{"loc":{"start":{"line":21,"column":9},"end":{"line":25,"column":22}},"type":"binary-expr","locations":[{"start":{"line":21,"column":9},"end":{"line":21,"column":74}},{"start":{"line":22,"column":4},"end":{"line":22,"column":16}},{"start":{"line":23,"column":4},"end":{"line":23,"column":75}},{"start":{"line":24,"column":4},"end":{"line":24,"column":129}},{"start":{"line":25,"column":4},"end":{"line":25,"column":22}}],"line":21},"2":{"loc":{"start":{"line":30,"column":9},"end":{"line":31,"column":32}},"type":"binary-expr","locations":[{"start":{"line":30,"column":9},"end":{"line":30,"column":160}},{"start":{"line":31,"column":3},"end":{"line":31,"column":32}}],"line":30},"3":{"loc":{"start":{"line":30,"column":42},"end":{"line":30,"column":159}},"type":"binary-expr","locations":[{"start":{"line":30,"column":42},"end":{"line":30,"column":79}},{"start":{"line":30,"column":83},"end":{"line":30,"column":159}}],"line":30},"4":{"loc":{"start":{"line":36,"column":42},"end":{"line":36,"column":114}},"type":"binary-expr","locations":[{"start":{"line":36,"column":42},"end":{"line":36,"column":73}},{"start":{"line":36,"column":77},"end":{"line":36,"column":114}}],"line":36},"5":{"loc":{"start":{"line":39,"column":55},"end":{"line":39,"column":67}},"type":"default-arg","locations":[{"start":{"line":39,"column":65},"end":{"line":39,"column":67}}],"line":39},"6":{"loc":{"start":{"line":41,"column":64},"end":{"line":41,"column":89}},"type":"binary-expr","locations":[{"start":{"line":41,"column":64},"end":{"line":41,"column":81}},{"start":{"line":41,"column":85},"end":{"line":41,"column":89}}],"line":41},"7":{"loc":{"start":{"line":46,"column":2},"end":{"line":48,"column":null}},"type":"if","locations":[{"start":{"line":46,"column":2},"end":{"line":48,"column":null}},{"start":{},"end":{}}],"line":46},"8":{"loc":{"start":{"line":53,"column":4},"end":{"line":53,"column":69}},"type":"cond-expr","locations":[{"start":{"line":53,"column":55},"end":{"line":53,"column":62}},{"start":{"line":53,"column":65},"end":{"line":53,"column":69}}],"line":53},"9":{"loc":{"start":{"line":53,"column":4},"end":{"line":53,"column":52}},"type":"binary-expr","locations":[{"start":{"line":53,"column":4},"end":{"line":53,"column":27}},{"start":{"line":53,"column":31},"end":{"line":53,"column":52}}],"line":53},"10":{"loc":{"start":{"line":63,"column":17},"end":{"line":67,"column":12}},"type":"cond-expr","locations":[{"start":{"line":63,"column":36},"end":{"line":67,"column":5}},{"start":{"line":67,"column":8},"end":{"line":67,"column":12}}],"line":63},"11":{"loc":{"start":{"line":75,"column":11},"end":{"line":75,"column":92}},"type":"binary-expr","locations":[{"start":{"line":75,"column":11},"end":{"line":75,"column":25}},{"start":{"line":75,"column":29},"end":{"line":75,"column":60}},{"start":{"line":75,"column":64},"end":{"line":75,"column":92}}],"line":75},"12":{"loc":{"start":{"line":76,"column":14},"end":{"line":76,"column":42}},"type":"binary-expr","locations":[{"start":{"line":76,"column":14},"end":{"line":76,"column":31}},{"start":{"line":76,"column":35},"end":{"line":76,"column":42}}],"line":76},"13":{"loc":{"start":{"line":77,"column":9},"end":{"line":82,"column":12}},"type":"cond-expr","locations":[{"start":{"line":77,"column":19},"end":{"line":82,"column":5}},{"start":{"line":82,"column":8},"end":{"line":82,"column":12}}],"line":77},"14":{"loc":{"start":{"line":86,"column":46},"end":{"line":86,"column":125}},"type":"default-arg","locations":[{"start":{"line":86,"column":123},"end":{"line":86,"column":125}}],"line":86},"15":{"loc":{"start":{"line":86,"column":63},"end":{"line":86,"column":78}},"type":"default-arg","locations":[{"start":{"line":86,"column":72},"end":{"line":86,"column":78}}],"line":86},"16":{"loc":{"start":{"line":86,"column":80},"end":{"line":86,"column":90}},"type":"default-arg","locations":[{"start":{"line":86,"column":88},"end":{"line":86,"column":90}}],"line":86},"17":{"loc":{"start":{"line":86,"column":92},"end":{"line":86,"column":118}},"type":"default-arg","locations":[{"start":{"line":86,"column":101},"end":{"line":86,"column":118}}],"line":86},"18":{"loc":{"start":{"line":90,"column":38},"end":{"line":90,"column":59}},"type":"default-arg","locations":[{"start":{"line":90,"column":57},"end":{"line":90,"column":59}}],"line":90},"19":{"loc":{"start":{"line":91,"column":23},"end":{"line":91,"column":34}},"type":"binary-expr","locations":[{"start":{"line":91,"column":23},"end":{"line":91,"column":28}},{"start":{"line":91,"column":32},"end":{"line":91,"column":34}}],"line":91},"20":{"loc":{"start":{"line":92,"column":17},"end":{"line":92,"column":144}},"type":"binary-expr","locations":[{"start":{"line":92,"column":17},"end":{"line":92,"column":114}},{"start":{"line":92,"column":117},"end":{"line":92,"column":144}}],"line":92},"21":{"loc":{"start":{"line":94,"column":19},"end":{"line":94,"column":79}},"type":"binary-expr","locations":[{"start":{"line":94,"column":19},"end":{"line":94,"column":47}},{"start":{"line":94,"column":50},"end":{"line":94,"column":79}}],"line":94},"22":{"loc":{"start":{"line":97,"column":2},"end":{"line":99,"column":null}},"type":"if","locations":[{"start":{"line":97,"column":2},"end":{"line":99,"column":null}},{"start":{},"end":{}}],"line":97},"23":{"loc":{"start":{"line":97,"column":6},"end":{"line":97,"column":55}},"type":"binary-expr","locations":[{"start":{"line":97,"column":6},"end":{"line":97,"column":31}},{"start":{"line":97,"column":35},"end":{"line":97,"column":55}}],"line":97},"24":{"loc":{"start":{"line":101,"column":2},"end":{"line":103,"column":null}},"type":"if","locations":[{"start":{"line":101,"column":2},"end":{"line":103,"column":null}},{"start":{},"end":{}}],"line":101},"25":{"loc":{"start":{"line":101,"column":6},"end":{"line":101,"column":56}},"type":"binary-expr","locations":[{"start":{"line":101,"column":6},"end":{"line":101,"column":33}},{"start":{"line":101,"column":37},"end":{"line":101,"column":56}}],"line":101},"26":{"loc":{"start":{"line":105,"column":19},"end":{"line":105,"column":120}},"type":"binary-expr","locations":[{"start":{"line":105,"column":19},"end":{"line":105,"column":85}},{"start":{"line":105,"column":89},"end":{"line":105,"column":120}}],"line":105},"27":{"loc":{"start":{"line":106,"column":2},"end":{"line":124,"column":null}},"type":"if","locations":[{"start":{"line":106,"column":2},"end":{"line":124,"column":null}},{"start":{},"end":{}}],"line":106},"28":{"loc":{"start":{"line":108,"column":6},"end":{"line":114,"column":13}},"type":"cond-expr","locations":[{"start":{"line":108,"column":34},"end":{"line":108,"column":39}},{"start":{"line":109,"column":6},"end":{"line":114,"column":13}}],"line":108},"29":{"loc":{"start":{"line":109,"column":6},"end":{"line":114,"column":13}},"type":"cond-expr","locations":[{"start":{"line":109,"column":33},"end":{"line":109,"column":38}},{"start":{"line":110,"column":6},"end":{"line":114,"column":13}}],"line":109},"30":{"loc":{"start":{"line":110,"column":6},"end":{"line":114,"column":13}},"type":"cond-expr","locations":[{"start":{"line":110,"column":29},"end":{"line":110,"column":37}},{"start":{"line":111,"column":6},"end":{"line":114,"column":13}}],"line":110},"31":{"loc":{"start":{"line":111,"column":6},"end":{"line":114,"column":13}},"type":"cond-expr","locations":[{"start":{"line":111,"column":32},"end":{"line":111,"column":37}},{"start":{"line":112,"column":6},"end":{"line":114,"column":13}}],"line":111},"32":{"loc":{"start":{"line":112,"column":6},"end":{"line":114,"column":13}},"type":"cond-expr","locations":[{"start":{"line":112,"column":38},"end":{"line":112,"column":52}},{"start":{"line":113,"column":6},"end":{"line":114,"column":13}}],"line":112},"33":{"loc":{"start":{"line":113,"column":6},"end":{"line":114,"column":13}},"type":"cond-expr","locations":[{"start":{"line":113,"column":34},"end":{"line":113,"column":39}},{"start":{"line":114,"column":6},"end":{"line":114,"column":13}}],"line":113},"34":{"loc":{"start":{"line":117,"column":16},"end":{"line":117,"column":162}},"type":"cond-expr","locations":[{"start":{"line":117,"column":40},"end":{"line":117,"column":49}},{"start":{"line":117,"column":52},"end":{"line":117,"column":162}}],"line":117},"35":{"loc":{"start":{"line":117,"column":52},"end":{"line":117,"column":162}},"type":"cond-expr","locations":[{"start":{"line":117,"column":76},"end":{"line":117,"column":85}},{"start":{"line":117,"column":88},"end":{"line":117,"column":162}}],"line":117},"36":{"loc":{"start":{"line":117,"column":88},"end":{"line":117,"column":162}},"type":"cond-expr","locations":[{"start":{"line":117,"column":112},"end":{"line":117,"column":120}},{"start":{"line":117,"column":123},"end":{"line":117,"column":162}}],"line":117},"37":{"loc":{"start":{"line":117,"column":123},"end":{"line":117,"column":162}},"type":"cond-expr","locations":[{"start":{"line":117,"column":147},"end":{"line":117,"column":154}},{"start":{"line":117,"column":157},"end":{"line":117,"column":162}}],"line":117},"38":{"loc":{"start":{"line":117,"column":166},"end":{"line":117,"column":208}},"type":"binary-expr","locations":[{"start":{"line":117,"column":166},"end":{"line":117,"column":179}},{"start":{"line":117,"column":183},"end":{"line":117,"column":195}},{"start":{"line":117,"column":199},"end":{"line":117,"column":208}}],"line":117},"39":{"loc":{"start":{"line":118,"column":14},"end":{"line":118,"column":100}},"type":"cond-expr","locations":[{"start":{"line":118,"column":51},"end":{"line":118,"column":66}},{"start":{"line":118,"column":69},"end":{"line":118,"column":100}}],"line":118},"40":{"loc":{"start":{"line":118,"column":14},"end":{"line":118,"column":48}},"type":"binary-expr","locations":[{"start":{"line":118,"column":14},"end":{"line":118,"column":37}},{"start":{"line":118,"column":41},"end":{"line":118,"column":48}}],"line":118},"41":{"loc":{"start":{"line":118,"column":69},"end":{"line":118,"column":100}},"type":"binary-expr","locations":[{"start":{"line":118,"column":69},"end":{"line":118,"column":81}},{"start":{"line":118,"column":85},"end":{"line":118,"column":100}}],"line":118},"42":{"loc":{"start":{"line":120,"column":14},"end":{"line":120,"column":69}},"type":"cond-expr","locations":[{"start":{"line":120,"column":48},"end":{"line":120,"column":58}},{"start":{"line":120,"column":61},"end":{"line":120,"column":69}}],"line":120},"43":{"loc":{"start":{"line":126,"column":2},"end":{"line":136,"column":null}},"type":"if","locations":[{"start":{"line":126,"column":2},"end":{"line":136,"column":null}},{"start":{},"end":{}}],"line":126},"44":{"loc":{"start":{"line":127,"column":19},"end":{"line":127,"column":62}},"type":"binary-expr","locations":[{"start":{"line":127,"column":19},"end":{"line":127,"column":50}},{"start":{"line":127,"column":54},"end":{"line":127,"column":62}}],"line":127},"45":{"loc":{"start":{"line":128,"column":21},"end":{"line":128,"column":82}},"type":"binary-expr","locations":[{"start":{"line":128,"column":21},"end":{"line":128,"column":50}},{"start":{"line":128,"column":54},"end":{"line":128,"column":76}},{"start":{"line":128,"column":80},"end":{"line":128,"column":82}}],"line":128},"46":{"loc":{"start":{"line":131,"column":37},"end":{"line":131,"column":70}},"type":"binary-expr","locations":[{"start":{"line":131,"column":37},"end":{"line":131,"column":49}},{"start":{"line":131,"column":53},"end":{"line":131,"column":70}}],"line":131},"47":{"loc":{"start":{"line":139,"column":2},"end":{"line":147,"column":null}},"type":"if","locations":[{"start":{"line":139,"column":2},"end":{"line":147,"column":null}},{"start":{"line":140,"column":7},"end":{"line":147,"column":null}}],"line":139},"48":{"loc":{"start":{"line":140,"column":7},"end":{"line":147,"column":null}},"type":"if","locations":[{"start":{"line":140,"column":7},"end":{"line":147,"column":null}},{"start":{"line":141,"column":7},"end":{"line":147,"column":null}}],"line":140},"49":{"loc":{"start":{"line":141,"column":7},"end":{"line":147,"column":null}},"type":"if","locations":[{"start":{"line":141,"column":7},"end":{"line":147,"column":null}},{"start":{"line":142,"column":7},"end":{"line":147,"column":null}}],"line":141},"50":{"loc":{"start":{"line":142,"column":7},"end":{"line":147,"column":null}},"type":"if","locations":[{"start":{"line":142,"column":7},"end":{"line":147,"column":null}},{"start":{"line":143,"column":7},"end":{"line":147,"column":null}}],"line":142},"51":{"loc":{"start":{"line":143,"column":7},"end":{"line":147,"column":null}},"type":"if","locations":[{"start":{"line":143,"column":7},"end":{"line":147,"column":null}},{"start":{"line":144,"column":7},"end":{"line":147,"column":null}}],"line":143},"52":{"loc":{"start":{"line":144,"column":7},"end":{"line":147,"column":null}},"type":"if","locations":[{"start":{"line":144,"column":7},"end":{"line":147,"column":null}},{"start":{"line":145,"column":7},"end":{"line":147,"column":null}}],"line":144},"53":{"loc":{"start":{"line":145,"column":7},"end":{"line":147,"column":null}},"type":"if","locations":[{"start":{"line":145,"column":7},"end":{"line":147,"column":null}},{"start":{"line":146,"column":7},"end":{"line":147,"column":null}}],"line":145},"54":{"loc":{"start":{"line":146,"column":7},"end":{"line":147,"column":null}},"type":"if","locations":[{"start":{"line":146,"column":7},"end":{"line":147,"column":null}},{"start":{"line":147,"column":7},"end":{"line":147,"column":null}}],"line":146},"55":{"loc":{"start":{"line":147,"column":7},"end":{"line":147,"column":null}},"type":"if","locations":[{"start":{"line":147,"column":7},"end":{"line":147,"column":null}},{"start":{},"end":{}}],"line":147},"56":{"loc":{"start":{"line":149,"column":2},"end":{"line":167,"column":null}},"type":"if","locations":[{"start":{"line":149,"column":2},"end":{"line":167,"column":null}},{"start":{},"end":{}}],"line":149},"57":{"loc":{"start":{"line":151,"column":6},"end":{"line":152,"column":null}},"type":"binary-expr","locations":[{"start":{"line":151,"column":6},"end":{"line":151,"column":62}},{"start":{"line":152,"column":6},"end":{"line":152,"column":null}}],"line":151},"58":{"loc":{"start":{"line":155,"column":6},"end":{"line":156,"column":null}},"type":"binary-expr","locations":[{"start":{"line":155,"column":6},"end":{"line":155,"column":112}},{"start":{"line":156,"column":6},"end":{"line":156,"column":null}}],"line":155},"59":{"loc":{"start":{"line":159,"column":4},"end":{"line":166,"column":null}},"type":"if","locations":[{"start":{"line":159,"column":4},"end":{"line":166,"column":null}},{"start":{},"end":{}}],"line":159},"60":{"loc":{"start":{"line":159,"column":8},"end":{"line":159,"column":45}},"type":"binary-expr","locations":[{"start":{"line":159,"column":8},"end":{"line":159,"column":25}},{"start":{"line":159,"column":29},"end":{"line":159,"column":45}}],"line":159},"61":{"loc":{"start":{"line":169,"column":13},"end":{"line":169,"column":71}},"type":"binary-expr","locations":[{"start":{"line":169,"column":13},"end":{"line":169,"column":27}},{"start":{"line":169,"column":31},"end":{"line":169,"column":43}},{"start":{"line":169,"column":47},"end":{"line":169,"column":71}}],"line":169},"62":{"loc":{"start":{"line":170,"column":13},"end":{"line":170,"column":36}},"type":"binary-expr","locations":[{"start":{"line":170,"column":13},"end":{"line":170,"column":25}},{"start":{"line":170,"column":29},"end":{"line":170,"column":36}}],"line":170},"63":{"loc":{"start":{"line":171,"column":20},"end":{"line":171,"column":44}},"type":"cond-expr","locations":[{"start":{"line":171,"column":29},"end":{"line":171,"column":34}},{"start":{"line":171,"column":37},"end":{"line":171,"column":44}}],"line":171},"64":{"loc":{"start":{"line":173,"column":2},"end":{"line":177,"column":null}},"type":"if","locations":[{"start":{"line":173,"column":2},"end":{"line":177,"column":null}},{"start":{},"end":{}}],"line":173},"65":{"loc":{"start":{"line":174,"column":11},"end":{"line":174,"column":48}},"type":"binary-expr","locations":[{"start":{"line":174,"column":11},"end":{"line":174,"column":24}},{"start":{"line":174,"column":28},"end":{"line":174,"column":40}},{"start":{"line":174,"column":44},"end":{"line":174,"column":48}}],"line":174},"66":{"loc":{"start":{"line":175,"column":11},"end":{"line":175,"column":51}},"type":"binary-expr","locations":[{"start":{"line":175,"column":11},"end":{"line":175,"column":23}},{"start":{"line":175,"column":27},"end":{"line":175,"column":40}},{"start":{"line":175,"column":44},"end":{"line":175,"column":51}}],"line":175},"67":{"loc":{"start":{"line":179,"column":2},"end":{"line":183,"column":null}},"type":"if","locations":[{"start":{"line":179,"column":2},"end":{"line":183,"column":null}},{"start":{},"end":{}}],"line":179},"68":{"loc":{"start":{"line":180,"column":11},"end":{"line":180,"column":99}},"type":"binary-expr","locations":[{"start":{"line":180,"column":11},"end":{"line":180,"column":23}},{"start":{"line":180,"column":27},"end":{"line":180,"column":91}},{"start":{"line":180,"column":95},"end":{"line":180,"column":99}}],"line":180},"69":{"loc":{"start":{"line":185,"column":2},"end":{"line":189,"column":null}},"type":"if","locations":[{"start":{"line":185,"column":2},"end":{"line":189,"column":null}},{"start":{},"end":{}}],"line":185},"70":{"loc":{"start":{"line":186,"column":11},"end":{"line":186,"column":33}},"type":"binary-expr","locations":[{"start":{"line":186,"column":11},"end":{"line":186,"column":25}},{"start":{"line":186,"column":29},"end":{"line":186,"column":33}}],"line":186},"71":{"loc":{"start":{"line":191,"column":2},"end":{"line":195,"column":null}},"type":"if","locations":[{"start":{"line":191,"column":2},"end":{"line":195,"column":null}},{"start":{},"end":{}}],"line":191},"72":{"loc":{"start":{"line":191,"column":6},"end":{"line":191,"column":45}},"type":"binary-expr","locations":[{"start":{"line":191,"column":6},"end":{"line":191,"column":37}},{"start":{"line":191,"column":41},"end":{"line":191,"column":45}}],"line":191},"73":{"loc":{"start":{"line":193,"column":11},"end":{"line":193,"column":34}},"type":"binary-expr","locations":[{"start":{"line":193,"column":11},"end":{"line":193,"column":23}},{"start":{"line":193,"column":27},"end":{"line":193,"column":34}}],"line":193},"74":{"loc":{"start":{"line":194,"column":18},"end":{"line":194,"column":42}},"type":"cond-expr","locations":[{"start":{"line":194,"column":27},"end":{"line":194,"column":32}},{"start":{"line":194,"column":35},"end":{"line":194,"column":42}}],"line":194},"75":{"loc":{"start":{"line":199,"column":14},"end":{"line":199,"column":40}},"type":"binary-expr","locations":[{"start":{"line":199,"column":14},"end":{"line":199,"column":27}},{"start":{"line":199,"column":31},"end":{"line":199,"column":40}}],"line":199},"76":{"loc":{"start":{"line":199,"column":47},"end":{"line":199,"column":70}},"type":"binary-expr","locations":[{"start":{"line":199,"column":47},"end":{"line":199,"column":62}},{"start":{"line":199,"column":66},"end":{"line":199,"column":70}}],"line":199},"77":{"loc":{"start":{"line":203,"column":11},"end":{"line":203,"column":40}},"type":"cond-expr","locations":[{"start":{"line":203,"column":32},"end":{"line":203,"column":35}},{"start":{"line":203,"column":38},"end":{"line":203,"column":40}}],"line":203},"78":{"loc":{"start":{"line":207,"column":2},"end":{"line":214,"column":null}},"type":"if","locations":[{"start":{"line":207,"column":2},"end":{"line":214,"column":null}},{"start":{},"end":{}}],"line":207},"79":{"loc":{"start":{"line":210,"column":58},"end":{"line":210,"column":88}},"type":"binary-expr","locations":[{"start":{"line":210,"column":58},"end":{"line":210,"column":72}},{"start":{"line":210,"column":76},"end":{"line":210,"column":88}}],"line":210},"80":{"loc":{"start":{"line":210,"column":110},"end":{"line":210,"column":144}},"type":"binary-expr","locations":[{"start":{"line":210,"column":110},"end":{"line":210,"column":122}},{"start":{"line":210,"column":126},"end":{"line":210,"column":144}}],"line":210},"81":{"loc":{"start":{"line":217,"column":12},"end":{"line":217,"column":83}},"type":"cond-expr","locations":[{"start":{"line":217,"column":50},"end":{"line":217,"column":64}},{"start":{"line":217,"column":67},"end":{"line":217,"column":83}}],"line":217},"82":{"loc":{"start":{"line":225,"column":60},"end":{"line":225,"column":81}},"type":"default-arg","locations":[{"start":{"line":225,"column":79},"end":{"line":225,"column":81}}],"line":225},"83":{"loc":{"start":{"line":225,"column":83},"end":{"line":225,"column":96}},"type":"default-arg","locations":[{"start":{"line":225,"column":92},"end":{"line":225,"column":96}}],"line":225},"84":{"loc":{"start":{"line":229,"column":2},"end":{"line":240,"column":null}},"type":"if","locations":[{"start":{"line":229,"column":2},"end":{"line":240,"column":null}},{"start":{},"end":{}}],"line":229},"85":{"loc":{"start":{"line":237,"column":4},"end":{"line":239,"column":null}},"type":"if","locations":[{"start":{"line":237,"column":4},"end":{"line":239,"column":null}},{"start":{},"end":{}}],"line":237},"86":{"loc":{"start":{"line":237,"column":8},"end":{"line":237,"column":99}},"type":"binary-expr","locations":[{"start":{"line":237,"column":8},"end":{"line":237,"column":18}},{"start":{"line":237,"column":22},"end":{"line":237,"column":39}},{"start":{"line":237,"column":43},"end":{"line":237,"column":99}}],"line":237},"87":{"loc":{"start":{"line":237,"column":45},"end":{"line":237,"column":98}},"type":"binary-expr","locations":[{"start":{"line":237,"column":45},"end":{"line":237,"column":76}},{"start":{"line":237,"column":80},"end":{"line":237,"column":98}}],"line":237},"88":{"loc":{"start":{"line":245,"column":54},"end":{"line":245,"column":67}},"type":"default-arg","locations":[{"start":{"line":245,"column":63},"end":{"line":245,"column":67}}],"line":245},"89":{"loc":{"start":{"line":255,"column":4},"end":{"line":255,"column":65}},"type":"cond-expr","locations":[{"start":{"line":255,"column":13},"end":{"line":255,"column":60}},{"start":{"line":255,"column":63},"end":{"line":255,"column":65}}],"line":255},"90":{"loc":{"start":{"line":256,"column":4},"end":{"line":256,"column":74}},"type":"cond-expr","locations":[{"start":{"line":256,"column":15},"end":{"line":256,"column":69}},{"start":{"line":256,"column":72},"end":{"line":256,"column":74}}],"line":256},"91":{"loc":{"start":{"line":257,"column":4},"end":{"line":257,"column":49}},"type":"cond-expr","locations":[{"start":{"line":257,"column":11},"end":{"line":257,"column":44}},{"start":{"line":257,"column":47},"end":{"line":257,"column":49}}],"line":257},"92":{"loc":{"start":{"line":258,"column":4},"end":{"line":258,"column":94}},"type":"cond-expr","locations":[{"start":{"line":258,"column":25},"end":{"line":258,"column":89}},{"start":{"line":258,"column":92},"end":{"line":258,"column":94}}],"line":258},"93":{"loc":{"start":{"line":258,"column":4},"end":{"line":258,"column":22}},"type":"binary-expr","locations":[{"start":{"line":258,"column":4},"end":{"line":258,"column":10}},{"start":{"line":258,"column":14},"end":{"line":258,"column":22}}],"line":258},"94":{"loc":{"start":{"line":259,"column":4},"end":{"line":259,"column":97}},"type":"cond-expr","locations":[{"start":{"line":259,"column":24},"end":{"line":259,"column":92}},{"start":{"line":259,"column":95},"end":{"line":259,"column":97}}],"line":259},"95":{"loc":{"start":{"line":259,"column":4},"end":{"line":259,"column":21}},"type":"binary-expr","locations":[{"start":{"line":259,"column":4},"end":{"line":259,"column":10}},{"start":{"line":259,"column":14},"end":{"line":259,"column":21}}],"line":259},"96":{"loc":{"start":{"line":262,"column":2},"end":{"line":264,"column":null}},"type":"if","locations":[{"start":{"line":262,"column":2},"end":{"line":264,"column":null}},{"start":{},"end":{}}],"line":262}},"s":{"0":3,"1":3,"2":9,"3":3,"4":3,"5":3,"6":5,"7":0,"8":0,"9":0,"10":4,"11":4,"12":4,"13":4,"14":4,"15":4,"16":2,"17":4,"18":4,"19":4,"20":1,"21":1,"22":3,"23":3,"24":3,"25":3,"26":3,"27":3,"28":0,"29":3,"30":0,"31":3,"32":3,"33":1,"34":1,"35":1,"36":2,"37":0,"38":0,"39":0,"40":2,"41":2,"42":1,"43":1,"44":0,"45":1,"46":0,"47":1,"48":0,"49":1,"50":0,"51":1,"52":0,"53":1,"54":0,"55":1,"56":0,"57":1,"58":0,"59":2,"60":1,"61":1,"62":1,"63":3,"64":1,"65":1,"66":1,"67":3,"68":3,"69":3,"70":0,"71":0,"72":0,"73":1,"74":0,"75":0,"76":0,"77":1,"78":0,"79":0,"80":0,"81":1,"82":0,"83":0,"84":0,"85":1,"86":3,"87":3,"88":0,"89":1,"90":3,"91":3,"92":3,"93":0,"94":0,"95":0,"96":3,"97":1,"98":1,"99":1,"100":1,"101":1,"102":1,"103":1,"104":1,"105":0,"106":0},"f":{"0":3,"1":9,"2":3,"3":5,"4":0,"5":0,"6":4,"7":1,"8":1,"9":3,"10":1,"11":3,"12":3,"13":1},"b":{"0":[3],"1":[3,1,0,0,0],"2":[3,1],"3":[5,3],"4":[0,0],"5":[4],"6":[4,1],"7":[2,2],"8":[1,3],"9":[4,3],"10":[1,3],"11":[4,2,2],"12":[4,2],"13":[2,2],"14":[1],"15":[1],"16":[1],"17":[1],"18":[3],"19":[3,0],"20":[3,0],"21":[3,0],"22":[0,3],"23":[3,0],"24":[0,3],"25":[3,0],"26":[3,2],"27":[1,2],"28":[1,0],"29":[0,0],"30":[0,0],"31":[0,0],"32":[0,0],"33":[0,0],"34":[0,1],"35":[1,0],"36":[0,0],"37":[0,0],"38":[1,0,0],"39":[0,1],"40":[1,0],"41":[1,0],"42":[1,0],"43":[0,2],"44":[0,0],"45":[0,0,0],"46":[0,0],"47":[1,1],"48":[0,1],"49":[0,1],"50":[0,1],"51":[0,1],"52":[0,1],"53":[0,1],"54":[0,1],"55":[0,1],"56":[1,1],"57":[1,1],"58":[3,2],"59":[1,0],"60":[1,1],"61":[1,0,0],"62":[3,0],"63":[1,0],"64":[0,3],"65":[0,0,0],"66":[0,0,0],"67":[0,1],"68":[0,0,0],"69":[0,1],"70":[0,0],"71":[0,1],"72":[1,0],"73":[0,0],"74":[0,0],"75":[1,0],"76":[3,0],"77":[0,1],"78":[0,3],"79":[0,0],"80":[0,0],"81":[0,1],"82":[3],"83":[3],"84":[0,3],"85":[0,0],"86":[0,0,0],"87":[0,0],"88":[1],"89":[1,0],"90":[1,0],"91":[0,1],"92":[1,0],"93":[1,1],"94":[1,0],"95":[1,1],"96":[1,0]},"meta":{"lastBranch":97,"lastFunction":14,"lastStatement":107,"seen":{"f:18:9:18:19":0,"b:18:52:18:54":0,"s:19:15:19:41":0,"s:20:20:20:92":1,"f:20:43:20:44":1,"s:20:55:20:91":2,"s:21:2:25:Infinity":3,"b:21:9:21:74:22:4:22:16:23:4:23:75:24:4:24:129:25:4:25:22":1,"f:28:9:28:21":2,"s:29:15:29:41":4,"s:30:2:31:Infinity":5,"b:30:9:30:160:31:3:31:32":2,"f:30:30:30:31":3,"s:30:42:30:159":6,"b:30:42:30:79:30:83:30:159":3,"f:34:9:34:24":4,"s:35:15:35:41":7,"s:36:2:36:Infinity":8,"f:36:30:36:31":5,"s:36:42:36:114":9,"b:36:42:36:73:36:77:36:114":4,"f:39:22:39:45":6,"b:39:65:39:67":5,"s:40:17:40:45":10,"s:41:21:41:92":11,"b:41:64:41:81:41:85:41:89":6,"s:42:21:42:70":12,"s:43:18:43:50":13,"s:45:16:45:20":14,"b:46:2:48:Infinity:undefined:undefined:undefined:undefined":7,"s:46:2:48:Infinity":15,"s:47:4:47:Infinity":16,"s:50:26:55:3":17,"b:53:55:53:62:53:65:53:69":8,"b:53:4:53:27:53:31:53:52":9,"s:56:23:58:4":18,"s:60:2:83:Infinity":19,"b:63:36:67:5:67:8:67:12":10,"f:68:43:68:44":7,"s:68:59:72:5":20,"b:75:11:75:25:75:29:75:60:75:64:75:92":11,"b:76:14:76:31:76:35:76:42":12,"b:77:19:82:5:82:8:82:12":13,"f:86:16:86:36":8,"b:86:123:86:125":14,"b:86:72:86:78":15,"b:86:88:86:90":16,"b:86:101:86:118":17,"s:87:2:87:Infinity":21,"f:90:9:90:21":9,"b:90:57:90:59":18,"s:91:16:91:49":22,"b:91:23:91:28:91:32:91:34":19,"s:92:17:92:144":23,"b:92:17:92:114:92:117:92:144":20,"s:93:17:93:46":24,"s:94:19:94:79":25,"b:94:19:94:47:94:50:94:79":21,"s:95:14:95:38":26,"b:97:2:99:Infinity:undefined:undefined:undefined:undefined":22,"s:97:2:99:Infinity":27,"b:97:6:97:31:97:35:97:55":23,"s:98:4:98:Infinity":28,"b:101:2:103:Infinity:undefined:undefined:undefined:undefined":24,"s:101:2:103:Infinity":29,"b:101:6:101:33:101:37:101:56":25,"s:102:4:102:Infinity":30,"s:105:19:105:120":31,"b:105:19:105:85:105:89:105:120":26,"b:106:2:124:Infinity:undefined:undefined:undefined:undefined":27,"s:106:2:124:Infinity":32,"s:108:6:114:13":33,"b:108:34:108:39:109:6:114:13":28,"b:109:33:109:38:110:6:114:13":29,"b:110:29:110:37:111:6:114:13":30,"b:111:32:111:37:112:6:114:13":31,"b:112:38:112:52:113:6:114:13":32,"b:113:34:113:39:114:6:114:13":33,"s:116:19:121:15":34,"b:117:40:117:49:117:52:117:162":34,"b:117:76:117:85:117:88:117:162":35,"b:117:112:117:120:117:123:117:162":36,"b:117:147:117:154:117:157:117:162":37,"b:117:166:117:179:117:183:117:195:117:199:117:208":38,"b:118:51:118:66:118:69:118:100":39,"b:118:14:118:37:118:41:118:48":40,"b:118:69:118:81:118:85:118:100":41,"b:120:48:120:58:120:61:120:69":42,"s:123:4:123:Infinity":35,"b:126:2:136:Infinity:undefined:undefined:undefined:undefined":43,"s:126:2:136:Infinity":36,"s:127:19:127:62":37,"b:127:19:127:50:127:54:127:62":44,"s:128:21:128:82":38,"b:128:21:128:50:128:54:128:76:128:80:128:82":45,"s:129:4:135:Infinity":39,"b:131:37:131:49:131:53:131:70":46,"s:138:13:138:18":40,"b:139:2:147:Infinity:140:7:147:Infinity":47,"s:139:2:147:Infinity":41,"s:139:29:139:Infinity":42,"b:140:7:147:Infinity:141:7:147:Infinity":48,"s:140:7:147:Infinity":43,"s:140:30:140:Infinity":44,"b:141:7:147:Infinity:142:7:147:Infinity":49,"s:141:7:147:Infinity":45,"s:141:41:141:Infinity":46,"b:142:7:147:Infinity:143:7:147:Infinity":50,"s:142:7:147:Infinity":47,"s:142:49:142:Infinity":48,"b:143:7:147:Infinity:144:7:147:Infinity":51,"s:143:7:147:Infinity":49,"s:143:42:143:Infinity":50,"b:144:7:147:Infinity:145:7:147:Infinity":52,"s:144:7:147:Infinity":51,"s:144:31:144:Infinity":52,"b:145:7:147:Infinity:146:7:147:Infinity":53,"s:145:7:147:Infinity":53,"s:145:32:145:Infinity":54,"b:146:7:147:Infinity:147:7:147:Infinity":54,"s:146:7:147:Infinity":55,"s:146:34:146:Infinity":56,"b:147:7:147:Infinity:undefined:undefined:undefined:undefined":55,"s:147:7:147:Infinity":57,"s:147:35:147:Infinity":58,"b:149:2:167:Infinity:undefined:undefined:undefined:undefined":56,"s:149:2:167:Infinity":59,"s:150:30:153:5":60,"f:150:51:150:52":10,"s:151:6:152:Infinity":61,"b:151:6:151:62:152:6:152:Infinity":57,"s:154:28:157:5":62,"f:154:49:154:50":11,"s:155:6:156:Infinity":63,"b:155:6:155:112:156:6:156:Infinity":58,"b:159:4:166:Infinity:undefined:undefined:undefined:undefined":59,"s:159:4:166:Infinity":64,"b:159:8:159:25:159:29:159:45":60,"s:160:6:165:Infinity":65,"s:169:13:169:71":66,"b:169:13:169:27:169:31:169:43:169:47:169:71":61,"s:170:13:170:36":67,"b:170:13:170:25:170:29:170:36":62,"s:171:20:171:44":68,"b:171:29:171:34:171:37:171:44":63,"b:173:2:177:Infinity:undefined:undefined:undefined:undefined":64,"s:173:2:177:Infinity":69,"s:174:4:174:Infinity":70,"b:174:11:174:24:174:28:174:40:174:44:174:48":65,"s:175:4:175:Infinity":71,"b:175:11:175:23:175:27:175:40:175:44:175:51":66,"s:176:4:176:Infinity":72,"b:179:2:183:Infinity:undefined:undefined:undefined:undefined":67,"s:179:2:183:Infinity":73,"s:180:4:180:Infinity":74,"b:180:11:180:23:180:27:180:91:180:95:180:99":68,"s:181:4:181:Infinity":75,"s:182:4:182:Infinity":76,"b:185:2:189:Infinity:undefined:undefined:undefined:undefined":69,"s:185:2:189:Infinity":77,"s:186:4:186:Infinity":78,"b:186:11:186:25:186:29:186:33":70,"s:187:4:187:Infinity":79,"s:188:4:188:Infinity":80,"b:191:2:195:Infinity:undefined:undefined:undefined:undefined":71,"s:191:2:195:Infinity":81,"b:191:6:191:37:191:41:191:45":72,"s:192:4:192:Infinity":82,"s:193:4:193:Infinity":83,"b:193:11:193:23:193:27:193:34":73,"s:194:4:194:Infinity":84,"b:194:27:194:32:194:35:194:42":74,"s:197:19:204:13":85,"b:199:14:199:27:199:31:199:40":75,"b:199:47:199:62:199:66:199:70":76,"b:203:32:203:35:203:38:203:40":77,"s:206:20:206:67":86,"b:207:2:214:Infinity:undefined:undefined:undefined:undefined":78,"s:207:2:214:Infinity":87,"s:208:4:213:Infinity":88,"b:210:58:210:72:210:76:210:88":79,"b:210:110:210:122:210:126:210:144":80,"s:216:2:222:Infinity":89,"b:217:50:217:64:217:67:217:83":81,"f:225:22:225:41":12,"b:225:79:225:81":82,"b:225:92:225:96":83,"s:226:17:226:45":90,"s:227:21:227:71":91,"b:229:2:240:Infinity:undefined:undefined:undefined:undefined":84,"s:229:2:240:Infinity":92,"s:230:23:235:6":93,"b:237:4:239:Infinity:undefined:undefined:undefined:undefined":85,"s:237:4:239:Infinity":94,"b:237:8:237:18:237:22:237:39:237:43:237:99":86,"b:237:45:237:76:237:80:237:98":87,"s:238:6:238:Infinity":95,"s:242:2:242:Infinity":96,"f:245:22:245:35":13,"b:245:63:245:67":88,"s:246:17:246:45":97,"s:247:16:247:43":98,"s:248:17:248:46":99,"s:249:18:249:47":100,"s:250:14:250:38":101,"s:252:22:260:29":102,"b:255:13:255:60:255:63:255:65":89,"b:256:15:256:69:256:72:256:74":90,"b:257:11:257:44:257:47:257:49":91,"b:258:25:258:89:258:92:258:94":92,"b:258:4:258:10:258:14:258:22":93,"b:259:24:259:92:259:95:259:97":94,"b:259:4:259:10:259:14:259:21":95,"b:262:2:264:Infinity:undefined:undefined:undefined:undefined":96,"s:262:2:264:Infinity":103,"s:263:4:263:Infinity":104,"s:266:17:266:97":105,"s:267:2:267:Infinity":106}}},"C:\\Users\\VISHAL\\Desktop\\20-12-2025\\All_full_stack_preparation\\expo\\retry-the-project\\apps\\backend\\src\\routes\\health.js":{"path":"C:\\Users\\VISHAL\\Desktop\\20-12-2025\\All_full_stack_preparation\\expo\\retry-the-project\\apps\\backend\\src\\routes\\health.js","statementMap":{"0":{"start":{"line":6,"column":21},"end":{"line":6,"column":null}},"1":{"start":{"line":9,"column":2},"end":{"line":25,"column":null}},"2":{"start":{"line":10,"column":23},"end":{"line":21,"column":null}},"3":{"start":{"line":23,"column":4},"end":{"line":23,"column":null}},"4":{"start":{"line":24,"column":4},"end":{"line":24,"column":null}},"5":{"start":{"line":28,"column":2},"end":{"line":75,"column":null}},"6":{"start":{"line":29,"column":27},"end":{"line":71,"column":null}},"7":{"start":{"line":73,"column":4},"end":{"line":73,"column":null}},"8":{"start":{"line":74,"column":4},"end":{"line":74,"column":null}},"9":{"start":{"line":78,"column":2},"end":{"line":84,"column":null}},"10":{"start":{"line":79,"column":4},"end":{"line":82,"column":null}},"11":{"start":{"line":83,"column":4},"end":{"line":83,"column":null}},"12":{"start":{"line":87,"column":2},"end":{"line":97,"column":null}},"13":{"start":{"line":89,"column":20},"end":{"line":89,"column":null}},"14":{"start":{"line":91,"column":4},"end":{"line":95,"column":null}},"15":{"start":{"line":92,"column":6},"end":{"line":92,"column":null}},"16":{"start":{"line":94,"column":6},"end":{"line":94,"column":null}},"17":{"start":{"line":96,"column":4},"end":{"line":96,"column":null}},"18":{"start":{"line":100,"column":2},"end":{"line":107,"column":null}},"19":{"start":{"line":102,"column":4},"end":{"line":105,"column":null}},"20":{"start":{"line":106,"column":4},"end":{"line":106,"column":null}},"21":{"start":{"line":109,"column":2},"end":{"line":109,"column":null}},"22":{"start":{"line":116,"column":16},"end":{"line":116,"column":null}},"23":{"start":{"line":117,"column":2},"end":{"line":120,"column":null}},"24":{"start":{"line":118,"column":16},"end":{"line":118,"column":null}},"25":{"start":{"line":119,"column":4},"end":{"line":119,"column":null}},"26":{"start":{"line":127,"column":17},"end":{"line":132,"column":null}},"27":{"start":{"line":135,"column":2},"end":{"line":141,"column":null}},"28":{"start":{"line":136,"column":15},"end":{"line":136,"column":null}},"29":{"start":{"line":137,"column":4},"end":{"line":137,"column":null}},"30":{"start":{"line":138,"column":4},"end":{"line":138,"column":null}},"31":{"start":{"line":140,"column":4},"end":{"line":140,"column":null}},"32":{"start":{"line":144,"column":22},"end":{"line":144,"column":null}},"33":{"start":{"line":145,"column":30},"end":{"line":145,"column":null}},"34":{"start":{"line":146,"column":2},"end":{"line":146,"column":null}},"35":{"start":{"line":149,"column":2},"end":{"line":149,"column":null}},"36":{"start":{"line":152,"column":2},"end":{"line":152,"column":null}},"37":{"start":{"line":154,"column":24},"end":{"line":154,"column":null}},"38":{"start":{"line":154,"column":61},"end":{"line":154,"column":75}},"39":{"start":{"line":156,"column":2},"end":{"line":160,"column":null}}},"fnMap":{"0":{"name":"handleHealthRoutes","decl":{"start":{"line":5,"column":22},"end":{"line":5,"column":41}},"loc":{"start":{"line":5,"column":70},"end":{"line":110,"column":null}},"line":5},"1":{"name":"getEventLoopLag","decl":{"start":{"line":115,"column":9},"end":{"line":115,"column":27}},"loc":{"start":{"line":115,"column":27},"end":{"line":121,"column":null}},"line":115},"2":{"name":"(anonymous_2)","decl":{"start":{"line":117,"column":9},"end":{"line":117,"column":28}},"loc":{"start":{"line":117,"column":28},"end":{"line":120,"column":3}},"line":117},"3":{"name":"checkReadiness","decl":{"start":{"line":126,"column":15},"end":{"line":126,"column":32}},"loc":{"start":{"line":126,"column":32},"end":{"line":161,"column":null}},"line":126},"4":{"name":"(anonymous_4)","decl":{"start":{"line":154,"column":46},"end":{"line":154,"column":52}},"loc":{"start":{"line":154,"column":61},"end":{"line":154,"column":75}},"line":154}},"branchMap":{"0":{"loc":{"start":{"line":9,"column":2},"end":{"line":25,"column":null}},"type":"if","locations":[{"start":{"line":9,"column":2},"end":{"line":25,"column":null}},{"start":{},"end":{}}],"line":9},"1":{"loc":{"start":{"line":9,"column":6},"end":{"line":9,"column":54}},"type":"binary-expr","locations":[{"start":{"line":9,"column":6},"end":{"line":9,"column":36}},{"start":{"line":9,"column":36},"end":{"line":9,"column":54}}],"line":9},"2":{"loc":{"start":{"line":14,"column":15},"end":{"line":14,"column":null}},"type":"binary-expr","locations":[{"start":{"line":14,"column":15},"end":{"line":14,"column":50}},{"start":{"line":14,"column":50},"end":{"line":14,"column":null}}],"line":14},"3":{"loc":{"start":{"line":15,"column":6},"end":{"line":15,"column":null}},"type":"binary-expr","locations":[{"start":{"line":15,"column":6},"end":{"line":15,"column":43}},{"start":{"line":15,"column":43},"end":{"line":15,"column":null}}],"line":15},"4":{"loc":{"start":{"line":28,"column":2},"end":{"line":75,"column":null}},"type":"if","locations":[{"start":{"line":28,"column":2},"end":{"line":75,"column":null}},{"start":{},"end":{}}],"line":28},"5":{"loc":{"start":{"line":28,"column":6},"end":{"line":28,"column":63}},"type":"binary-expr","locations":[{"start":{"line":28,"column":6},"end":{"line":28,"column":45}},{"start":{"line":28,"column":45},"end":{"line":28,"column":63}}],"line":28},"6":{"loc":{"start":{"line":33,"column":15},"end":{"line":33,"column":null}},"type":"binary-expr","locations":[{"start":{"line":33,"column":15},"end":{"line":33,"column":50}},{"start":{"line":33,"column":50},"end":{"line":33,"column":null}}],"line":33},"7":{"loc":{"start":{"line":34,"column":6},"end":{"line":34,"column":null}},"type":"binary-expr","locations":[{"start":{"line":34,"column":6},"end":{"line":34,"column":43}},{"start":{"line":34,"column":43},"end":{"line":34,"column":null}}],"line":34},"8":{"loc":{"start":{"line":78,"column":2},"end":{"line":84,"column":null}},"type":"if","locations":[{"start":{"line":78,"column":2},"end":{"line":84,"column":null}},{"start":{},"end":{}}],"line":78},"9":{"loc":{"start":{"line":78,"column":6},"end":{"line":78,"column":59}},"type":"binary-expr","locations":[{"start":{"line":78,"column":6},"end":{"line":78,"column":41}},{"start":{"line":78,"column":41},"end":{"line":78,"column":59}}],"line":78},"10":{"loc":{"start":{"line":87,"column":2},"end":{"line":97,"column":null}},"type":"if","locations":[{"start":{"line":87,"column":2},"end":{"line":97,"column":null}},{"start":{},"end":{}}],"line":87},"11":{"loc":{"start":{"line":87,"column":6},"end":{"line":87,"column":60}},"type":"binary-expr","locations":[{"start":{"line":87,"column":6},"end":{"line":87,"column":42}},{"start":{"line":87,"column":42},"end":{"line":87,"column":60}}],"line":87},"12":{"loc":{"start":{"line":91,"column":4},"end":{"line":95,"column":null}},"type":"if","locations":[{"start":{"line":91,"column":4},"end":{"line":95,"column":null}},{"start":{"line":93,"column":11},"end":{"line":95,"column":null}}],"line":91},"13":{"loc":{"start":{"line":100,"column":2},"end":{"line":107,"column":null}},"type":"if","locations":[{"start":{"line":100,"column":2},"end":{"line":107,"column":null}},{"start":{},"end":{}}],"line":100},"14":{"loc":{"start":{"line":100,"column":6},"end":{"line":100,"column":59}},"type":"binary-expr","locations":[{"start":{"line":100,"column":6},"end":{"line":100,"column":41}},{"start":{"line":100,"column":41},"end":{"line":100,"column":59}}],"line":100}},"s":{"0":1,"1":1,"2":1,"3":1,"4":1,"5":0,"6":0,"7":0,"8":0,"9":0,"10":0,"11":0,"12":0,"13":0,"14":0,"15":0,"16":0,"17":0,"18":0,"19":0,"20":0,"21":0,"22":0,"23":0,"24":0,"25":0,"26":0,"27":0,"28":0,"29":0,"30":0,"31":0,"32":0,"33":0,"34":0,"35":0,"36":0,"37":0,"38":0,"39":0},"f":{"0":1,"1":0,"2":0,"3":0,"4":0},"b":{"0":[1,0],"1":[1,1],"2":[1,0],"3":[1,0],"4":[0,0],"5":[0,0],"6":[0,0],"7":[0,0],"8":[0,0],"9":[0,0],"10":[0,0],"11":[0,0],"12":[0,0],"13":[0,0],"14":[0,0]},"meta":{"lastBranch":15,"lastFunction":5,"lastStatement":40,"seen":{"f:5:22:5:41":0,"s:6:21:6:Infinity":0,"b:9:2:25:Infinity:undefined:undefined:undefined:undefined":0,"s:9:2:25:Infinity":1,"b:9:6:9:36:9:36:9:54":1,"s:10:23:21:Infinity":2,"b:14:15:14:50:14:50:14:Infinity":2,"b:15:6:15:43:15:43:15:Infinity":3,"s:23:4:23:Infinity":3,"s:24:4:24:Infinity":4,"b:28:2:75:Infinity:undefined:undefined:undefined:undefined":4,"s:28:2:75:Infinity":5,"b:28:6:28:45:28:45:28:63":5,"s:29:27:71:Infinity":6,"b:33:15:33:50:33:50:33:Infinity":6,"b:34:6:34:43:34:43:34:Infinity":7,"s:73:4:73:Infinity":7,"s:74:4:74:Infinity":8,"b:78:2:84:Infinity:undefined:undefined:undefined:undefined":8,"s:78:2:84:Infinity":9,"b:78:6:78:41:78:41:78:59":9,"s:79:4:82:Infinity":10,"s:83:4:83:Infinity":11,"b:87:2:97:Infinity:undefined:undefined:undefined:undefined":10,"s:87:2:97:Infinity":12,"b:87:6:87:42:87:42:87:60":11,"s:89:20:89:Infinity":13,"b:91:4:95:Infinity:93:11:95:Infinity":12,"s:91:4:95:Infinity":14,"s:92:6:92:Infinity":15,"s:94:6:94:Infinity":16,"s:96:4:96:Infinity":17,"b:100:2:107:Infinity:undefined:undefined:undefined:undefined":13,"s:100:2:107:Infinity":18,"b:100:6:100:41:100:41:100:59":14,"s:102:4:105:Infinity":19,"s:106:4:106:Infinity":20,"s:109:2:109:Infinity":21,"f:115:9:115:27":1,"s:116:16:116:Infinity":22,"s:117:2:120:Infinity":23,"f:117:9:117:28":2,"s:118:16:118:Infinity":24,"s:119:4:119:Infinity":25,"f:126:15:126:32":3,"s:127:17:132:Infinity":26,"s:135:2:141:Infinity":27,"s:136:15:136:Infinity":28,"s:137:4:137:Infinity":29,"s:138:4:138:Infinity":30,"s:140:4:140:Infinity":31,"s:144:22:144:Infinity":32,"s:145:30:145:Infinity":33,"s:146:2:146:Infinity":34,"s:149:2:149:Infinity":35,"s:152:2:152:Infinity":36,"s:154:24:154:Infinity":37,"f:154:46:154:52":4,"s:154:61:154:75":38,"s:156:2:160:Infinity":39}}},"C:\\Users\\VISHAL\\Desktop\\20-12-2025\\All_full_stack_preparation\\expo\\retry-the-project\\apps\\backend\\src\\services\\ai-analyst\\dashboard-plan-engine.js":{"path":"C:\\Users\\VISHAL\\Desktop\\20-12-2025\\All_full_stack_preparation\\expo\\retry-the-project\\apps\\backend\\src\\services\\ai-analyst\\dashboard-plan-engine.js","statementMap":{"0":{"start":{"line":3,"column":27},"end":{"line":5,"column":2}},"1":{"start":{"line":7,"column":28},"end":{"line":9,"column":2}},"2":{"start":{"line":11,"column":22},"end":{"line":11,"column":115}},"3":{"start":{"line":12,"column":23},"end":{"line":12,"column":86}},"4":{"start":{"line":13,"column":19},"end":{"line":13,"column":36}},"5":{"start":{"line":16,"column":18},"end":{"line":16,"column":39}},"6":{"start":{"line":17,"column":2},"end":{"line":19,"column":null}},"7":{"start":{"line":18,"column":4},"end":{"line":18,"column":null}},"8":{"start":{"line":18,"column":60},"end":{"line":18,"column":96}},"9":{"start":{"line":19,"column":32},"end":{"line":19,"column":59}},"10":{"start":{"line":23,"column":2},"end":{"line":23,"column":null}},"11":{"start":{"line":27,"column":2},"end":{"line":27,"column":null}},"12":{"start":{"line":31,"column":2},"end":{"line":31,"column":null}},"13":{"start":{"line":35,"column":2},"end":{"line":39,"column":null}},"14":{"start":{"line":43,"column":18},"end":{"line":43,"column":44}},"15":{"start":{"line":44,"column":2},"end":{"line":46,"column":null}},"16":{"start":{"line":45,"column":4},"end":{"line":45,"column":null}},"17":{"start":{"line":50,"column":2},"end":{"line":54,"column":null}},"18":{"start":{"line":58,"column":18},"end":{"line":58,"column":46}},"19":{"start":{"line":59,"column":2},"end":{"line":61,"column":null}},"20":{"start":{"line":60,"column":4},"end":{"line":60,"column":null}},"21":{"start":{"line":65,"column":2},"end":{"line":65,"column":null}},"22":{"start":{"line":69,"column":2},"end":{"line":69,"column":null}},"23":{"start":{"line":69,"column":41},"end":{"line":69,"column":null}},"24":{"start":{"line":70,"column":16},"end":{"line":70,"column":79}},"25":{"start":{"line":70,"column":56},"end":{"line":70,"column":77}},"26":{"start":{"line":71,"column":21},"end":{"line":71,"column":94}},"27":{"start":{"line":71,"column":61},"end":{"line":71,"column":92}},"28":{"start":{"line":72,"column":2},"end":{"line":72,"column":null}},"29":{"start":{"line":76,"column":2},"end":{"line":83,"column":null}},"30":{"start":{"line":87,"column":2},"end":{"line":87,"column":null}},"31":{"start":{"line":91,"column":12},"end":{"line":91,"column":44}},"32":{"start":{"line":92,"column":12},"end":{"line":92,"column":75}},"33":{"start":{"line":94,"column":2},"end":{"line":94,"column":null}},"34":{"start":{"line":94,"column":10},"end":{"line":94,"column":null}},"35":{"start":{"line":95,"column":2},"end":{"line":95,"column":null}},"36":{"start":{"line":95,"column":48},"end":{"line":95,"column":null}},"37":{"start":{"line":97,"column":2},"end":{"line":99,"column":null}},"38":{"start":{"line":98,"column":4},"end":{"line":98,"column":null}},"39":{"start":{"line":101,"column":2},"end":{"line":103,"column":null}},"40":{"start":{"line":102,"column":4},"end":{"line":102,"column":null}},"41":{"start":{"line":105,"column":2},"end":{"line":109,"column":null}},"42":{"start":{"line":106,"column":4},"end":{"line":108,"column":null}},"43":{"start":{"line":107,"column":6},"end":{"line":107,"column":null}},"44":{"start":{"line":111,"column":2},"end":{"line":113,"column":null}},"45":{"start":{"line":112,"column":4},"end":{"line":112,"column":null}},"46":{"start":{"line":115,"column":2},"end":{"line":115,"column":null}},"47":{"start":{"line":119,"column":18},"end":{"line":119,"column":58}},"48":{"start":{"line":120,"column":15},"end":{"line":120,"column":57}},"49":{"start":{"line":122,"column":13},"end":{"line":122,"column":63}},"50":{"start":{"line":123,"column":13},"end":{"line":123,"column":48}},"51":{"start":{"line":124,"column":20},"end":{"line":124,"column":83}},"52":{"start":{"line":126,"column":2},"end":{"line":131,"column":null}},"53":{"start":{"line":127,"column":14},"end":{"line":127,"column":41}},"54":{"start":{"line":128,"column":14},"end":{"line":128,"column":67}},"55":{"start":{"line":129,"column":4},"end":{"line":129,"column":null}},"56":{"start":{"line":129,"column":11},"end":{"line":129,"column":null}},"57":{"start":{"line":130,"column":4},"end":{"line":130,"column":null}},"58":{"start":{"line":130,"column":11},"end":{"line":130,"column":null}},"59":{"start":{"line":133,"column":2},"end":{"line":136,"column":null}},"60":{"start":{"line":134,"column":4},"end":{"line":134,"column":null}},"61":{"start":{"line":135,"column":4},"end":{"line":135,"column":null}},"62":{"start":{"line":138,"column":2},"end":{"line":141,"column":null}},"63":{"start":{"line":139,"column":4},"end":{"line":139,"column":null}},"64":{"start":{"line":140,"column":4},"end":{"line":140,"column":null}},"65":{"start":{"line":143,"column":15},"end":{"line":152,"column":3}},"66":{"start":{"line":154,"column":2},"end":{"line":154,"column":null}},"67":{"start":{"line":155,"column":2},"end":{"line":155,"column":null}},"68":{"start":{"line":159,"column":15},"end":{"line":159,"column":45}},"69":{"start":{"line":160,"column":2},"end":{"line":163,"column":null}},"70":{"start":{"line":161,"column":19},"end":{"line":161,"column":48}},"71":{"start":{"line":162,"column":4},"end":{"line":162,"column":null}},"72":{"start":{"line":165,"column":2},"end":{"line":172,"column":null}},"73":{"start":{"line":176,"column":17},"end":{"line":176,"column":43}},"74":{"start":{"line":177,"column":18},"end":{"line":177,"column":46}},"75":{"start":{"line":178,"column":19},"end":{"line":178,"column":47}},"76":{"start":{"line":179,"column":20},"end":{"line":179,"column":50}},"77":{"start":{"line":180,"column":15},"end":{"line":180,"column":38}},"78":{"start":{"line":182,"column":15},"end":{"line":185,"column":3}},"79":{"start":{"line":187,"column":2},"end":{"line":192,"column":null}},"80":{"start":{"line":188,"column":20},"end":{"line":188,"column":50}},"81":{"start":{"line":189,"column":4},"end":{"line":189,"column":null}},"82":{"start":{"line":190,"column":4},"end":{"line":190,"column":null}},"83":{"start":{"line":191,"column":4},"end":{"line":191,"column":null}},"84":{"start":{"line":194,"column":2},"end":{"line":196,"column":null}},"85":{"start":{"line":195,"column":4},"end":{"line":195,"column":null}},"86":{"start":{"line":198,"column":17},"end":{"line":198,"column":19}},"87":{"start":{"line":200,"column":2},"end":{"line":202,"column":null}},"88":{"start":{"line":201,"column":4},"end":{"line":201,"column":null}},"89":{"start":{"line":204,"column":2},"end":{"line":206,"column":null}},"90":{"start":{"line":205,"column":4},"end":{"line":205,"column":null}},"91":{"start":{"line":208,"column":2},"end":{"line":210,"column":null}},"92":{"start":{"line":209,"column":4},"end":{"line":209,"column":null}},"93":{"start":{"line":212,"column":2},"end":{"line":214,"column":null}},"94":{"start":{"line":213,"column":4},"end":{"line":213,"column":null}},"95":{"start":{"line":216,"column":2},"end":{"line":218,"column":null}},"96":{"start":{"line":217,"column":4},"end":{"line":217,"column":null}},"97":{"start":{"line":220,"column":2},"end":{"line":222,"column":null}},"98":{"start":{"line":221,"column":4},"end":{"line":221,"column":null}},"99":{"start":{"line":224,"column":25},"end":{"line":224,"column":98}},"100":{"start":{"line":224,"column":68},"end":{"line":224,"column":97}},"101":{"start":{"line":225,"column":2},"end":{"line":236,"column":null}},"102":{"start":{"line":226,"column":4},"end":{"line":235,"column":null}},"103":{"start":{"line":238,"column":2},"end":{"line":244,"column":null}},"104":{"start":{"line":241,"column":38},"end":{"line":241,"column":68}},"105":{"start":{"line":242,"column":42},"end":{"line":242,"column":74}},"106":{"start":{"line":248,"column":2},"end":{"line":255,"column":null}},"107":{"start":{"line":249,"column":24},"end":{"line":249,"column":72}},"108":{"start":{"line":251,"column":22},"end":{"line":255,"column":5}},"109":{"start":{"line":259,"column":15},"end":{"line":259,"column":24}},"110":{"start":{"line":260,"column":2},"end":{"line":265,"column":null}},"111":{"start":{"line":261,"column":18},"end":{"line":261,"column":55}},"112":{"start":{"line":262,"column":4},"end":{"line":262,"column":null}},"113":{"start":{"line":262,"column":25},"end":{"line":262,"column":null}},"114":{"start":{"line":263,"column":4},"end":{"line":263,"column":null}},"115":{"start":{"line":264,"column":4},"end":{"line":264,"column":null}},"116":{"start":{"line":269,"column":14},"end":{"line":269,"column":32}},"117":{"start":{"line":270,"column":2},"end":{"line":273,"column":null}},"118":{"start":{"line":271,"column":18},"end":{"line":271,"column":44}},"119":{"start":{"line":272,"column":4},"end":{"line":272,"column":null}},"120":{"start":{"line":272,"column":15},"end":{"line":272,"column":null}},"121":{"start":{"line":275,"column":15},"end":{"line":275,"column":33}},"122":{"start":{"line":276,"column":2},"end":{"line":279,"column":null}},"123":{"start":{"line":277,"column":19},"end":{"line":277,"column":81}},"124":{"start":{"line":277,"column":60},"end":{"line":277,"column":80}},"125":{"start":{"line":278,"column":4},"end":{"line":278,"column":null}},"126":{"start":{"line":278,"column":16},"end":{"line":278,"column":null}},"127":{"start":{"line":281,"column":2},"end":{"line":281,"column":null}},"128":{"start":{"line":285,"column":2},"end":{"line":285,"column":null}},"129":{"start":{"line":285,"column":42},"end":{"line":285,"column":null}},"130":{"start":{"line":287,"column":15},"end":{"line":287,"column":46}},"131":{"start":{"line":288,"column":15},"end":{"line":291,"column":14}},"132":{"start":{"line":288,"column":51},"end":{"line":291,"column":13}},"133":{"start":{"line":293,"column":17},"end":{"line":297,"column":77}},"134":{"start":{"line":293,"column":55},"end":{"line":297,"column":13}},"135":{"start":{"line":297,"column":32},"end":{"line":297,"column":76}},"136":{"start":{"line":299,"column":2},"end":{"line":307,"column":null}},"137":{"start":{"line":311,"column":21},"end":{"line":311,"column":42}},"138":{"start":{"line":312,"column":15},"end":{"line":314,"column":16}},"139":{"start":{"line":312,"column":53},"end":{"line":312,"column":68}},"140":{"start":{"line":313,"column":19},"end":{"line":313,"column":49}},"141":{"start":{"line":316,"column":17},"end":{"line":319,"column":17}},"142":{"start":{"line":316,"column":55},"end":{"line":316,"column":72}},"143":{"start":{"line":317,"column":19},"end":{"line":317,"column":51}},"144":{"start":{"line":318,"column":22},"end":{"line":318,"column":82}},"145":{"start":{"line":321,"column":18},"end":{"line":321,"column":95}},"146":{"start":{"line":321,"column":56},"end":{"line":321,"column":74}},"147":{"start":{"line":323,"column":2},"end":{"line":329,"column":null}},"148":{"start":{"line":324,"column":37},"end":{"line":324,"column":48}},"149":{"start":{"line":333,"column":26},"end":{"line":333,"column":97}},"150":{"start":{"line":333,"column":74},"end":{"line":333,"column":95}},"151":{"start":{"line":335,"column":2},"end":{"line":360,"column":null}},"152":{"start":{"line":337,"column":21},"end":{"line":337,"column":53}},"153":{"start":{"line":338,"column":6},"end":{"line":344,"column":null}},"154":{"start":{"line":347,"column":16},"end":{"line":347,"column":46}},"155":{"start":{"line":348,"column":16},"end":{"line":348,"column":46}},"156":{"start":{"line":349,"column":6},"end":{"line":358,"column":null}}},"fnMap":{"0":{"name":"byPriority","decl":{"start":{"line":15,"column":9},"end":{"line":15,"column":19}},"loc":{"start":{"line":15,"column":52},"end":{"line":20,"column":null}},"line":15},"1":{"name":"(anonymous_1)","decl":{"start":{"line":17,"column":22},"end":{"line":17,"column":23}},"loc":{"start":{"line":18,"column":4},"end":{"line":18,"column":null}},"line":18},"2":{"name":"(anonymous_2)","decl":{"start":{"line":18,"column":50},"end":{"line":18,"column":51}},"loc":{"start":{"line":18,"column":60},"end":{"line":18,"column":96}},"line":18},"3":{"name":"(anonymous_3)","decl":{"start":{"line":19,"column":20},"end":{"line":19,"column":21}},"loc":{"start":{"line":19,"column":32},"end":{"line":19,"column":59}},"line":19},"4":{"name":"isNumericColumn","decl":{"start":{"line":22,"column":16},"end":{"line":22,"column":31}},"loc":{"start":{"line":22,"column":40},"end":{"line":24,"column":null}},"line":22},"5":{"name":"isCategoryColumn","decl":{"start":{"line":26,"column":16},"end":{"line":26,"column":32}},"loc":{"start":{"line":26,"column":41},"end":{"line":28,"column":null}},"line":26},"6":{"name":"isDateColumn","decl":{"start":{"line":30,"column":16},"end":{"line":30,"column":28}},"loc":{"start":{"line":30,"column":37},"end":{"line":32,"column":null}},"line":30},"7":{"name":"pickPrimaryMetric","decl":{"start":{"line":34,"column":16},"end":{"line":34,"column":33}},"loc":{"start":{"line":34,"column":43},"end":{"line":40,"column":null}},"line":34},"8":{"name":"pickSecondaryMetric","decl":{"start":{"line":42,"column":16},"end":{"line":42,"column":35}},"loc":{"start":{"line":42,"column":45},"end":{"line":47,"column":null}},"line":42},"9":{"name":"(anonymous_9)","decl":{"start":{"line":44,"column":38},"end":{"line":44,"column":39}},"loc":{"start":{"line":45,"column":4},"end":{"line":45,"column":null}},"line":45},"10":{"name":"pickPrimaryCategory","decl":{"start":{"line":49,"column":16},"end":{"line":49,"column":35}},"loc":{"start":{"line":49,"column":45},"end":{"line":55,"column":null}},"line":49},"11":{"name":"pickSecondaryCategory","decl":{"start":{"line":57,"column":16},"end":{"line":57,"column":37}},"loc":{"start":{"line":57,"column":47},"end":{"line":62,"column":null}},"line":57},"12":{"name":"(anonymous_12)","decl":{"start":{"line":59,"column":38},"end":{"line":59,"column":39}},"loc":{"start":{"line":60,"column":4},"end":{"line":60,"column":null}},"line":60},"13":{"name":"pickDateColumn","decl":{"start":{"line":64,"column":16},"end":{"line":64,"column":30}},"loc":{"start":{"line":64,"column":40},"end":{"line":66,"column":null}},"line":64},"14":{"name":"columnByName","decl":{"start":{"line":68,"column":9},"end":{"line":68,"column":21}},"loc":{"start":{"line":68,"column":36},"end":{"line":73,"column":null}},"line":68},"15":{"name":"(anonymous_15)","decl":{"start":{"line":70,"column":44},"end":{"line":70,"column":45}},"loc":{"start":{"line":70,"column":56},"end":{"line":70,"column":77}},"line":70},"16":{"name":"(anonymous_16)","decl":{"start":{"line":71,"column":49},"end":{"line":71,"column":50}},"loc":{"start":{"line":71,"column":61},"end":{"line":71,"column":92}},"line":71},"17":{"name":"kpi","decl":{"start":{"line":75,"column":9},"end":{"line":75,"column":12}},"loc":{"start":{"line":75,"column":59},"end":{"line":84,"column":null}},"line":75},"18":{"name":"chart","decl":{"start":{"line":86,"column":9},"end":{"line":86,"column":14}},"loc":{"start":{"line":86,"column":81},"end":{"line":88,"column":null}},"line":86},"19":{"name":"validateChartCompatibility","decl":{"start":{"line":90,"column":16},"end":{"line":90,"column":42}},"loc":{"start":{"line":90,"column":58},"end":{"line":116,"column":null}},"line":90},"20":{"name":"sanitizeChartSpec","decl":{"start":{"line":118,"column":16},"end":{"line":118,"column":33}},"loc":{"start":{"line":118,"column":54},"end":{"line":156,"column":null}},"line":118},"21":{"name":"sanitizeKpiSpec","decl":{"start":{"line":158,"column":16},"end":{"line":158,"column":31}},"loc":{"start":{"line":158,"column":52},"end":{"line":173,"column":null}},"line":158},"22":{"name":"buildRuleDashboardPlan","decl":{"start":{"line":175,"column":16},"end":{"line":175,"column":38}},"loc":{"start":{"line":175,"column":48},"end":{"line":245,"column":null}},"line":175},"23":{"name":"(anonymous_23)","decl":{"start":{"line":224,"column":56},"end":{"line":224,"column":57}},"loc":{"start":{"line":224,"column":68},"end":{"line":224,"column":97}},"line":224},"24":{"name":"(anonymous_24)","decl":{"start":{"line":241,"column":28},"end":{"line":241,"column":29}},"loc":{"start":{"line":241,"column":38},"end":{"line":241,"column":68}},"line":241},"25":{"name":"(anonymous_25)","decl":{"start":{"line":242,"column":32},"end":{"line":242,"column":33}},"loc":{"start":{"line":242,"column":42},"end":{"line":242,"column":74}},"line":242},"26":{"name":"buildDefaultFilters","decl":{"start":{"line":247,"column":9},"end":{"line":247,"column":28}},"loc":{"start":{"line":247,"column":38},"end":{"line":256,"column":null}},"line":247},"27":{"name":"(anonymous_27)","decl":{"start":{"line":249,"column":12},"end":{"line":249,"column":13}},"loc":{"start":{"line":249,"column":24},"end":{"line":249,"column":72}},"line":249},"28":{"name":"(anonymous_28)","decl":{"start":{"line":251,"column":9},"end":{"line":251,"column":10}},"loc":{"start":{"line":251,"column":22},"end":{"line":255,"column":5}},"line":251},"29":{"name":"dedupeBy","decl":{"start":{"line":258,"column":9},"end":{"line":258,"column":17}},"loc":{"start":{"line":258,"column":30},"end":{"line":266,"column":null}},"line":258},"30":{"name":"(anonymous_30)","decl":{"start":{"line":260,"column":22},"end":{"line":260,"column":23}},"loc":{"start":{"line":260,"column":32},"end":{"line":265,"column":3}},"line":260},"31":{"name":"resolveColumn","decl":{"start":{"line":268,"column":9},"end":{"li
[...]
olumn":12},"end":{"line":226,"column":35}},"type":"binary-expr","locations":[{"start":{"line":226,"column":12},"end":{"line":226,"column":26}},{"start":{"line":226,"column":30},"end":{"line":226,"column":35}}],"line":226},"58":{"loc":{"start":{"line":227,"column":16},"end":{"line":227,"column":100}},"type":"cond-expr","locations":[{"start":{"line":227,"column":33},"end":{"line":227,"column":49}},{"start":{"line":227,"column":52},"end":{"line":227,"column":100}}],"line":227},"59":{"loc":{"start":{"line":227,"column":52},"end":{"line":227,"column":100}},"type":"cond-expr","locations":[{"start":{"line":227,"column":74},"end":{"line":227,"column":95}},{"start":{"line":227,"column":98},"end":{"line":227,"column":100}}],"line":227},"60":{"loc":{"start":{"line":228,"column":16},"end":{"line":228,"column":94}},"type":"cond-expr","locations":[{"start":{"line":228,"column":33},"end":{"line":228,"column":49}},{"start":{"line":228,"column":52},"end":{"line":228,"column":94}}],"line":228},"61":{"loc":{"start":{"line":228,"column":52},"end":{"line":228,"column":94}},"type":"cond-expr","locations":[{"start":{"line":228,"column":71},"end":{"line":228,"column":89}},{"start":{"line":228,"column":92},"end":{"line":228,"column":94}}],"line":228},"62":{"loc":{"start":{"line":231,"column":19},"end":{"line":231,"column":51}},"type":"binary-expr","locations":[{"start":{"line":231,"column":19},"end":{"line":231,"column":40}},{"start":{"line":231,"column":44},"end":{"line":231,"column":51}}],"line":231},"63":{"loc":{"start":{"line":232,"column":13},"end":{"line":232,"column":34}},"type":"binary-expr","locations":[{"start":{"line":232,"column":13},"end":{"line":232,"column":28}},{"start":{"line":232,"column":32},"end":{"line":232,"column":34}}],"line":232}},"s":{"0":0,"1":0,"2":0,"3":0,"4":0,"5":0,"6":0,"7":0,"8":0,"9":0,"10":0,"11":0,"12":0,"13":0,"14":0,"15":0,"16":0,"17":0,"18":0,"19":0,"20":0,"21":0,"22":0,"23":0,"24":0,"25":0,"26":0,"27":0,"28":0,"29":0,"30":0,"31":0,"32":0,"33":0,"34":0,"35":0,"36":0,"37":0,"38":0,"39":0,"40":0,"41":0,"42":0,"43":0,"44":0,"45":0,"46":0,"47":0,"48":0,"49":0,"50":0,"51":0,"52":0,"53":0,"54":0,"55":0,"56":0,"57":0,"58":0,"59":0,"60":0,"61":0,"62":0,"63":0,"64":0,"65":0,"66":0,"67":0,"68":0,"69":0,"70":0,"71":0,"72":0,"73":0,"74":0,"75":0,"76":0,"77":0,"78":0,"79":0,"80":0,"81":0,"82":0,"83":0,"84":0,"85":0,"86":0,"87":0,"88":0,"89":0,"90":0,"91":0,"92":0,"93":0,"94":0,"95":0,"96":0,"97":0,"98":0,"99":0,"100":0,"101":0,"102":0,"103":0},"f":{"0":0,"1":0,"2":0,"3":0,"4":0,"5":0,"6":0,"7":0,"8":0,"9":0,"10":0,"11":0,"12":0,"13":0,"14":0,"15":0,"16":0,"17":0,"18":0,"19":0,"20":0,"21":0,"22":0,"23":0,"24":0,"25":0,"26":0,"27":0},"b":{"0":[0],"1":[0],"2":[0,0,0],"3":[0,0],"4":[0,0],"5":[0,0],"6":[0,0],"7":[0,0],"8":[0,0],"9":[0],"10":[0],"11":[0,0],"12":[0,0],"13":[0,0],"14":[0,0],"15":[0,0],"16":[0],"17":[0,0],"18":[0,0],"19":[0,0],"20":[0],"21":[0,0],"22":[0,0],"23":[0],"24":[0,0],"25":[0,0,0],"26":[0,0],"27":[0,0],"28":[0],"29":[0,0],"30":[0,0],"31":[0,0],"32":[0,0],"33":[0,0],"34":[0,0],"35":[0,0],"36":[0,0],"37":[0,0],"38":[0,0],"39":[0,0],"40":[0,0],"41":[0,0],"42":[0,0],"43":[0,0],"44":[0,0],"45":[0,0],"46":[0,0],"47":[0,0],"48":[0,0],"49":[0,0],"50":[0,0],"51":[0,0],"52":[0,0],"53":[0],"54":[0,0],"55":[0,0],"56":[0,0],"57":[0,0],"58":[0,0],"59":[0,0],"60":[0,0],"61":[0,0],"62":[0,0],"63":[0,0]},"meta":{"lastBranch":64,"lastFunction":28,"lastStatement":104,"seen":{"f:3:9:3:18":0,"b:3:28:3:30":0,"b:3:46:3:53":1,"s:4:18:6:3":0,"f:5:4:5:5":1,"s:5:15:5:Infinity":1,"b:5:15:5:29:5:33:5:52:5:56:5:Infinity":2,"b:8:2:8:Infinity:undefined:undefined:undefined:undefined":3,"s:8:2:8:Infinity":2,"s:8:31:8:Infinity":3,"s:10:18:10:75":4,"f:10:49:10:50":2,"s:10:60:10:74":5,"b:12:2:12:Infinity:undefined:undefined:undefined:undefined":4,"s:12:2:12:Infinity":6,"s:12:23:12:Infinity":7,"b:14:2:14:Infinity:undefined:undefined:undefined:undefined":5,"s:14:2:14:Infinity":8,"s:14:29:14:Infinity":9,"f:14:51:14:52":3,"s:14:61:14:66":10,"b:15:2:15:Infinity:undefined:undefined:undefined:undefined":6,"s:15:2:15:Infinity":11,"s:15:29:15:Infinity":12,"f:15:51:15:52":4,"s:15:61:15:66":13,"b:16:2:16:Infinity:undefined:undefined:undefined:undefined":7,"s:16:2:16:Infinity":14,"s:16:29:16:Infinity":15,"b:17:2:17:Infinity:undefined:undefined:undefined:undefined":8,"s:17:2:17:Infinity":16,"s:17:29:17:Infinity":17,"s:19:2:19:Infinity":18,"f:22:9:22:16":5,"b:22:49:22:56":9,"b:22:66:22:68":10,"s:23:17:23:26":19,"s:25:2:29:Infinity":20,"s:26:18:26:68":21,"b:26:18:26:55:26:59:26:68":11,"b:26:25:26:34:26:38:26:47":12,"b:27:4:27:Infinity:undefined:undefined:undefined:undefined":13,"s:27:4:27:Infinity":22,"s:27:28:27:Infinity":23,"s:28:4:28:Infinity":24,"b:28:34:28:43:28:46:28:51":14,"s:31:2:37:Infinity":25,"f:32:9:32:10":6,"s:32:31:35:5":26,"b:34:33:34:40:34:43:34:47":15,"f:36:10:36:11":7,"s:36:20:36:85":27,"f:40:9:40:18":8,"b:40:37:40:38":16,"s:41:17:43:38":28,"f:42:9:42:10":9,"s:42:17:42:38":29,"f:43:12:43:13":10,"s:43:23:43:37":30,"b:45:2:45:Infinity:undefined:undefined:undefined:undefined":17,"s:45:2:45:Infinity":31,"s:45:22:45:Infinity":32,"s:47:14:47:33":33,"s:48:14:48:33":34,"b:50:2:52:Infinity:undefined:undefined:undefined:undefined":18,"s:50:2:52:Infinity":35,"s:51:4:51:Infinity":36,"s:54:15:54:33":37,"s:56:18:60:5":38,"f:56:47:56:48":11,"s:56:62:60:3":39,"b:58:30:58:33:58:36:58:60":19,"s:62:2:65:Infinity":40,"s:63:18:63:70":41,"s:64:4:64:Infinity":42,"s:67:2:70:Infinity":43,"f:67:21:67:22":12,"s:67:34:70:3":44,"f:73:9:73:19":13,"b:73:39:73:41":20,"s:74:17:74:26":45,"s:76:2:82:Infinity":46,"s:77:4:81:Infinity":47,"b:77:11:77:19:77:23:77:25":21,"f:79:11:79:12":14,"s:79:21:79:32":48,"f:81:15:81:16":15,"s:81:25:81:70":49,"b:81:43:81:59:81:63:81:64":22,"s:84:2:87:Infinity":50,"f:85:9:85:10":16,"s:85:30:85:53":51,"f:86:10:86:11":17,"s:86:20:86:37":52,"f:90:9:90:21":18,"b:90:38:90:40":23,"s:91:18:93:3":53,"b:91:33:91:40:91:44:91:46":24,"f:92:4:92:5":19,"s:92:19:92:Infinity":54,"b:92:19:92:33:92:37:92:56:92:60:92:Infinity":25,"b:95:2:95:Infinity:undefined:undefined:undefined:undefined":26,"s:95:2:95:Infinity":55,"s:95:23:95:Infinity":56,"s:97:2:101:Infinity":57,"f:97:21:97:22":20,"s:98:4:100:Infinity":58,"f:98:18:98:19":21,"s:99:6:99:Infinity":59,"b:99:20:99:31:99:35:99:37":27,"f:104:9:104:31":22,"b:104:66:104:68":28,"s:105:23:105:50":60,"s:108:3:109:42":61,"b:108:3:108:63:109:3:109:42":29,"b:108:23:108:40:108:44:108:46":30,"s:112:3:113:42":62,"b:112:3:112:63:113:3:113:42":31,"b:112:23:112:40:112:44:112:46":32,"b:115:2:132:Infinity:undefined:undefined:undefined:undefined":33,"s:115:2:132:Infinity":63,"s:116:19:116:62":64,"b:116:19:116:26:116:29:116:62":34,"b:117:4:117:Infinity:undefined:undefined:undefined:undefined":35,"s:117:4:117:Infinity":65,"s:117:17:117:Infinity":66,"s:119:17:119:56":67,"b:121:4:121:Infinity:undefined:undefined:undefined:undefined":36,"s:121:4:121:Infinity":68,"s:121:22:121:Infinity":69,"s:123:4:131:Infinity":70,"b:134:2:150:Infinity:undefined:undefined:undefined:undefined":37,"s:134:2:150:Infinity":71,"b:135:4:135:Infinity:undefined:undefined:undefined:undefined":38,"s:135:4:135:Infinity":72,"s:135:18:135:Infinity":73,"s:137:17:137:59":74,"b:139:4:139:Infinity:undefined:undefined:undefined:undefined":39,"s:139:4:139:Infinity":75,"s:139:22:139:Infinity":76,"s:141:4:149:Infinity":77,"b:152:2:152:Infinity:undefined:undefined:undefined:undefined":40,"s:152:2:152:Infinity":78,"s:152:16:152:Infinity":79,"s:154:22:154:53":80,"b:154:22:154:42:154:46:154:53":41,"s:155:15:155:61":81,"b:155:41:155:45:155:48:155:61":42,"b:157:2:157:Infinity:undefined:undefined:undefined:undefined":43,"s:157:2:157:Infinity":82,"b:157:6:157:29:157:33:157:38":44,"s:157:40:157:Infinity":83,"s:159:15:165:3":84,"b:164:4:164:18:164:22:164:Infinity":45,"b:167:2:167:Infinity:undefined:undefined:undefined:undefined":46,"s:167:2:167:Infinity":85,"s:167:20:167:Infinity":86,"s:169:2:177:Infinity":87,"b:172:10:172:23:172:27:172:32":47,"b:174:36:174:43:174:46:174:50":48,"f:180:16:180:31":23,"s:181:15:181:33":88,"b:181:15:181:27:181:31:181:33":49,"s:183:21:185:20":89,"b:183:22:183:37:183:41:183:43":50,"f:184:9:184:10":24,"s:184:23:184:69":90,"s:187:24:197:20":91,"b:187:25:187:52:187:56:187:58":51,"f:188:9:188:10":25,"s:189:6:195:Infinity":92,"s:199:17:199:50":93,"s:201:15:201:24":94,"s:203:2:210:Infinity":95,"f:204:12:204:13":26,"s:205:18:205:62":96,"b:206:6:206:Infinity:undefined:undefined:undefined:undefined":52,"s:206:6:206:Infinity":97,"s:206:25:206:Infinity":98,"s:207:6:207:Infinity":99,"s:208:6:208:Infinity":100,"f:213:16:213:37":27,"b:217:12:217:14":53,"b:219:2:219:Infinity:undefined:undefined:undefined:undefined":54,"s:219:2:219:Infinity":101,"s:219:18:219:Infinity":102,"s:221:2:235:Infinity":103,"b:222:4:222:16:222:20:222:22":55,"b:225:13:225:28:225:32:225:49":56,"b:226:12:226:26:226:30:226:35":57,"b:227:33:227:49:227:52:227:100":58,"b:227:74:227:95:227:98:227:100":59,"b:228:33:228:49:228:52:228:94":60,"b:228:71:228:89:228:92:228:94":61,"b:231:19:231:40:231:44:231:51":62,"b:232:13:232:28:232:32:232:34":63}}},"C:\\Users\\VISHAL\\Desktop\\20-12-2025\\All_full_stack_preparation\\expo\\retry-the-project\\apps\\backend\\src\\services\\ai-analyst\\ai-analyst-orchestrator.js":{"path":"C:\\Users\\VISHAL\\Desktop\\20-12-2025\\All_full_stack_preparation\\expo\\retry-the-project\\apps\\backend\\src\\services\\ai-analyst\\ai-analyst-orchestrator.js","statementMap":{"0":{"start":{"line":10,"column":2},"end":{"line":20,"column":null}},"1":{"start":{"line":11,"column":17},"end":{"line":11,"column":71}},"2":{"start":{"line":11,"column":53},"end":{"line":11,"column":70}},"3":{"start":{"line":12,"column":19},"end":{"line":12,"column":78}},"4":{"start":{"line":15,"column":6},"end":{"line":17,"column":34}},"5":{"start":{"line":19,"column":4},"end":{"line":19,"column":null}},"6":{"start":{"line":24,"column":15},"end":{"line":24,"column":44}},"7":{"start":{"line":26,"column":25},"end":{"line":30,"column":3}},"8":{"start":{"line":32,"column":16},"end":{"line":32,"column":51}},"9":{"start":{"line":33,"column":18},"end":{"line":33,"column":45}},"10":{"start":{"line":34,"column":21},"end":{"line":37,"column":4}},"11":{"start":{"line":39,"column":14},"end":{"line":44,"column":4}},"12":{"start":{"line":46,"column":16},"end":{"line":51,"column":4}},"13":{"start":{"line":53,"column":19},"end":{"line":84,"column":3}},"14":{"start":{"line":86,"column":1},"end":{"line":91,"column":null}},"15":{"start":{"line":93,"column":2},"end":{"line":93,"column":null}},"16":{"start":{"line":102,"column":15},"end":{"line":102,"column":44}},"17":{"start":{"line":103,"column":25},"end":{"line":107,"column":3}},"18":{"start":{"line":109,"column":16},"end":{"line":109,"column":51}},"19":{"start":{"line":111,"column":17},"end":{"line":114,"column":4}},"20":{"start":{"line":116,"column":2},"end":{"line":121,"column":null}},"21":{"start":{"line":117,"column":4},"end":{"line":120,"column":null}},"22":{"start":{"line":123,"column":2},"end":{"line":129,"column":null}},"23":{"start":{"line":124,"column":4},"end":{"line":128,"column":null}},"24":{"start":{"line":131,"column":2},"end":{"line":136,"column":null}},"25":{"start":{"line":132,"column":4},"end":{"line":135,"column":null}},"26":{"start":{"line":138,"column":2},"end":{"line":150,"column":null}},"27":{"start":{"line":139,"column":16},"end":{"line":143,"column":6}},"28":{"start":{"line":145,"column":4},"end":{"line":149,"column":null}},"29":{"start":{"line":152,"column":2},"end":{"line":172,"column":null}},"30":{"start":{"line":153,"column":17},"end":{"line":158,"column":6}},"31":{"start":{"line":160,"column":4},"end":{"line":165,"column":null}},"32":{"start":{"line":161,"column":6},"end":{"line":164,"column":null}},"33":{"start":{"line":167,"column":4},"end":{"line":171,"column":null}},"34":{"start":{"line":174,"column":2},"end":{"line":179,"column":null}}},"fnMap":{"0":{"name":"cleanRows","decl":{"start":{"line":9,"column":9},"end":{"line":9,"column":18}},"loc":{"start":{"line":9,"column":30},"end":{"line":21,"column":null}},"line":9},"1":{"name":"(anonymous_1)","decl":{"start":{"line":10,"column":21},"end":{"line":10,"column":22}},"loc":{"start":{"line":10,"column":30},"end":{"line":20,"column":3}},"line":10},"2":{"name":"(anonymous_2)","decl":{"start":{"line":11,"column":44},"end":{"line":11,"column":45}},"loc":{"start":{"line":11,"column":53},"end":{"line":11,"column":70}},"line":11},"3":{"name":"runFullAutoAnalysis","decl":{"start":{"line":23,"column":22},"end":{"line":23,"column":41}},"loc":{"start":{"line":23,"column":56},"end":{"line":94,"column":null}},"line":23},"4":{"name":"runAnalystCommand","decl":{"start":{"line":96,"column":22},"end":{"line":96,"column":39}},"loc":{"start":{"line":101,"column":3},"end":{"line":180,"column":null}},"line":101}},"branchMap":{"0":{"loc":{"start":{"line":9,"column":19},"end":{"line":9,"column":28}},"type":"default-arg","locations":[{"start":{"line":9,"column":26},"end":{"line":9,"column":28}}],"line":9},"1":{"loc":{"start":{"line":11,"column":29},"end":{"line":11,"column":38}},"type":"binary-expr","locations":[{"start":{"line":11,"column":29},"end":{"line":11,"column":32}},{"start":{"line":11,"column":36},"end":{"line":11,"column":38}}],"line":11},"2":{"loc":{"start":{"line":12,"column":26},"end":{"line":12,"column":63}},"type":"binary-expr","locations":[{"start":{"line":12,"column":26},"end":{"line":12,"column":42}},{"start":{"line":12,"column":46},"end":{"line":12,"column":57}},{"start":{"line":12,"column":61},"end":{"line":12,"column":63}}],"line":12},"3":{"loc":{"start":{"line":15,"column":6},"end":{"line":17,"column":34}},"type":"binary-expr","locations":[{"start":{"line":15,"column":6},"end":{"line":15,"column":29}},{"start":{"line":16,"column":6},"end":{"line":16,"column":27}},{"start":{"line":17,"column":6},"end":{"line":17,"column":34}}],"line":15},"4":{"loc":{"start":{"line":19,"column":11},"end":{"line":19,"column":65}},"type":"binary-expr","locations":[{"start":{"line":19,"column":11},"end":{"line":19,"column":41}},{"start":{"line":19,"column":45},"end":{"line":19,"column":65}}],"line":19},"5":{"loc":{"start":{"line":23,"column":42},"end":{"line":23,"column":54}},"type":"default-arg","locations":[{"start":{"line":23,"column":52},"end":{"line":23,"column":54}}],"line":23},"6":{"loc":{"start":{"line":24,"column":25},"end":{"line":24,"column":43}},"type":"binary-expr","locations":[{"start":{"line":24,"column":25},"end":{"line":24,"column":37}},{"start":{"line":24,"column":41},"end":{"line":24,"column":43}}],"line":24},"7":{"loc":{"start":{"line":76,"column":18},"end":{"line":76,"column":46}},"type":"binary-expr","locations":[{"start":{"line":76,"column":18},"end":{"line":76,"column":41}},{"start":{"line":76,"column":45},"end":{"line":76,"column":46}}],"line":76},"8":{"loc":{"start":{"line":100,"column":2},"end":{"line":100,"column":14}},"type":"default-arg","locations":[{"start":{"line":100,"column":12},"end":{"line":100,"column":14}}],"line":100},"9":{"loc":{"start":{"line":102,"column":25},"end":{"line":102,"column":43}},"type":"binary-expr","locations":[{"start":{"line":102,"column":25},"end":{"line":102,"column":37}},{"start":{"line":102,"column":41},"end":{"line":102,"column":43}}],"line":102},"10":{"loc":{"start":{"line":116,"column":2},"end":{"line":121,"column":null}},"type":"if","locations":[{"start":{"line":116,"column":2},"end":{"line":121,"column":null}},{"start":{},"end":{}}],"line":116},"11":{"loc":{"start":{"line":123,"column":2},"end":{"line":129,"column":null}},"type":"if","locations":[{"start":{"line":123,"column":2},"end":{"line":129,"column":null}},{"start":{},"end":{}}],"line":123},"12":{"loc":{"start":{"line":126,"column":15},"end":{"line":126,"column":50}},"type":"binary-expr","locations":[{"start":{"line":126,"column":15},"end":{"line":126,"column":29}},{"start":{"line":126,"column":33},"end":{"line":126,"column":50}}],"line":126},"13":{"loc":{"start":{"line":127,"column":15},"end":{"line":127,"column":35}},"type":"binary-expr","locations":[{"start":{"line":127,"column":15},"end":{"line":127,"column":29}},{"start":{"line":127,"column":33},"end":{"line":127,"column":35}}],"line":127},"14":{"loc":{"start":{"line":131,"column":2},"end":{"line":136,"column":null}},"type":"if","locations":[{"start":{"line":131,"column":2},"end":{"line":136,"column":null}},{"start":{},"end":{}}],"line":131},"15":{"loc":{"start":{"line":138,"column":2},"end":{"line":150,"column":null}},"type":"if","locations":[{"start":{"line":138,"column":2},"end":{"line":150,"column":null}},{"start":{},"end":{}}],"line":138},"16":{"loc":{"start":{"line":152,"column":2},"end":{"line":172,"column":null}},"type":"if","locations":[{"start":{"line":152,"column":2},"end":{"line":172,"column":null}},{"start":{},"end":{}}],"line":152},"17":{"loc":{"start":{"line":152,"column":6},"end":{"line":152,"column":76}},"type":"binary-expr","locations":[{"start":{"line":152,"column":6},"end":{"line":152,"column":40}},{"start":{"line":152,"column":44},"end":{"line":152,"column":76}}],"line":152},"18":{"loc":{"start":{"line":160,"column":4},"end":{"line":165,"column":null}},"type":"if","locations":[{"start":{"line":160,"column":4},"end":{"line":165,"column":null}},{"start":{},"end":{}}],"line":160},"19":{"loc":{"start":{"line":169,"column":15},"end":{"line":169,"column":64}},"type":"binary-expr","locations":[{"start":{"line":169,"column":15},"end":{"line":169,"column":29}},{"start":{"line":169,"column":33},"end":{"line":169,"column":64}}],"line":169},"20":{"loc":{"start":{"line":177,"column":6},"end":{"line":178,"column":84}},"type":"binary-expr","locations":[{"start":{"line":177,"column":6},"end":{"line":177,"column":20}},{"start":{"line":178,"column":6},"end":{"line":178,"column":84}}],"line":177}},"s":{"0":0,"1":0,"2":0,"3":0,"4":0,"5":0,"6":0,"7":0,"8":0,"9":0,"10":0,"11":0,"12":0,"13":0,"14":0,"15":0,"16":0,"17":0,"18":0,"19":0,"20":0,"21":0,"22":0,"23":0,"24":0,"25":0,"26":0,"27":0,"28":0,"29":0,"30":0,"31":0,"32":0,"33":0,"34":0},"f":{"0":0,"1":0,"2":0,"3":0,"4":0},"b":{"0":[0],"1":[0,0],"2":[0,0,0],"3":[0,0,0],"4":[0,0],"5":[0],"6":[0,0],"7":[0,0],"8":[0],"9":[0,0],"10":[0,0],"11":[0,0],"12":[0,0],"13":[0,0],"14":[0,0],"15":[0,0],"16":[0,0],"17":[0,0],"18":[0,0],"19":[0,0],"20":[0,0]},"meta":{"lastBranch":21,"lastFunction":5,"lastStatement":35,"seen":{"f:9:9:9:18":0,"b:9:26:9:28":0,"s:10:2:20:Infinity":0,"f:10:21:10:22":1,"s:11:17:11:71":1,"b:11:29:11:32:11:36:11:38":1,"f:11:44:11:45":2,"s:11:53:11:70":2,"s:12:19:12:78":3,"b:12:26:12:42:12:46:12:57:12:61:12:63":2,"s:15:6:17:34":4,"b:15:6:15:29:16:6:16:27:17:6:17:34":3,"s:19:4:19:Infinity":5,"b:19:11:19:41:19:45:19:65":4,"f:23:22:23:41":3,"b:23:52:23:54":5,"s:24:15:24:44":6,"b:24:25:24:37:24:41:24:43":6,"s:26:25:30:3":7,"s:32:16:32:51":8,"s:33:18:33:45":9,"s:34:21:37:4":10,"s:39:14:44:4":11,"s:46:16:51:4":12,"s:53:19:84:3":13,"b:76:18:76:41:76:45:76:46":7,"s:86:1:91:Infinity":14,"s:93:2:93:Infinity":15,"f:96:22:96:39":4,"b:100:12:100:14":8,"s:102:15:102:44":16,"b:102:25:102:37:102:41:102:43":9,"s:103:25:107:3":17,"s:109:16:109:51":18,"s:111:17:114:4":19,"b:116:2:121:Infinity:undefined:undefined:undefined:undefined":10,"s:116:2:121:Infinity":20,"s:117:4:120:Infinity":21,"b:123:2:129:Infinity:undefined:undefined:undefined:undefined":11,"s:123:2:129:Infinity":22,"s:124:4:128:Infinity":23,"b:126:15:126:29:126:33:126:50":12,"b:127:15:127:29:127:33:127:35":13,"b:131:2:136:Infinity:undefined:undefined:undefined:undefined":14,"s:131:2:136:Infinity":24,"s:132:4:135:Infinity":25,"b:138:2:150:Infinity:undefined:undefined:undefined:undefined":15,"s:138:2:150:Infinity":26,"s:139:16:143:6":27,"s:145:4:149:Infinity":28,"b:152:2:172:Infinity:undefined:undefined:undefined:undefined":16,"s:152:2:172:Infinity":29,"b:152:6:152:40:152:44:152:76":17,"s:153:17:158:6":30,"b:160:4:165:Infinity:undefined:undefined:undefined:undefined":18,"s:160:4:165:Infinity":31,"s:161:6:164:Infinity":32,"s:167:4:171:Infinity":33,"b:169:15:169:29:169:33:169:64":19,"s:174:2:179:Infinity":34,"b:177:6:177:20:178:6:178:84":20}}}}}