{"numTotalTestSuites":26,"numPassedTestSuites":26,"numFailedTestSuites":0,"numPendingTestSuites":0,"numTotalTests":31,"numPassedTests":31,"numFailedTests":0,"numPendingTests":0,"numTodoTests":0,"snapshot":{"added":0,"failure":false,"filesAdded":0,"filesRemoved":0,"filesRemovedList":[],"filesUnmatched":0,"filesUpdated":0,"matched":0,"total":0,"unchecked":0,"uncheckedKeysByFile":[],"unmatched":0,"updated":0,"didUpdate":false},"startTime":1779338304791,"success":true,"testResults":[{"assertionResults":[{"ancestorTitles":["analytics engine"],"fullName":"analytics engine cleans datasets and reports missing values, duplicates, and outliers","status":"passed","title":"cleans datasets and reports missing values, duplicates, and outliers","duration":16.723100000001068,"failureMessages":[],"meta":{},"tags":[]},{"ancestorTitles":["analytics engine"],"fullName":"analytics engine aggregates salary by country using averages rather than totals","status":"passed","title":"aggregates salary by country using averages rather than totals","duration":5.222399999998743,"failureMessages":[],"meta":{},"tags":[]},{"ancestorTitles":["analytics engine"],"fullName":"analytics engine parses multivalue language fields and sorts frequencies descending","status":"passed","title":"parses multivalue language fields and sorts frequencies descending","duration":16.900900000000547,"failureMessages":[],"meta":{},"tags":[]},{"ancestorTitles":["analytics engine"],"fullName":"analytics engine counts real education distribution and keeps logical education order","status":"passed","title":"counts real education distribution and keeps logical education order","duration":3.0650000000005093,"failureMessages":[],"meta":{},"tags":[]},{"ancestorTitles":["analytics engine"],"fullName":"analytics engine builds a memoizable dashboard bundle with statistically correct chart semantics","status":"passed","title":"builds a memoizable dashboard bundle with statistically correct chart semantics","duration":120.60129999999845,"failureMessages":[],"meta":{},"tags":[]},{"ancestorTitles":["analytics engine"],"fullName":"analytics engine returns dynamic, insight-driven KPIs from the KPI engine hook","status":"passed","title":"returns dynamic, insight-driven KPIs from the KPI engine hook","duration":141.59069999999883,"failureMessages":[],"meta":{},"tags":[]}],"startTime":1779338315702,"endTime":1779338316007.5908,"status":"passed","message":"","name":"C:/Users/VISHAL/Desktop/20-12-2025/All_full_stack_preparation/expo/retry-the-project/apps/frontend/src/test/dataStore.test.ts"},{"assertionResults":[{"ancestorTitles":["example"],"fullName":"example should pass","status":"passed","title":"should pass","duration":5.713600000000952,"failureMessages":[],"meta":{},"tags":[]}],"startTime":1779338314895,"endTime":1779338314900.7136,"status":"passed","message":"","name":"C:/Users/VISHAL/Desktop/20-12-2025/All_full_stack_preparation/expo/retry-the-project/apps/frontend/src/test/example.test.ts"},{"assertionResults":[{"ancestorTitles":["AppLayout"],"fullName":"AppLayout renders the app shell with routed content","status":"passed","title":"renders the app shell with routed content","duration":379.0104999999985,"failureMessages":[],"meta":{},"tags":[]}],"startTime":1779338316589,"endTime":1779338316968.0105,"status":"passed","message":"","name":"C:/Users/VISHAL/Desktop/20-12-2025/All_full_stack_preparation/expo/retry-the-project/apps/frontend/src/__tests__/AppLayout.test.tsx"},{"assertionResults":[{"ancestorTitles":["DashboardPage integration"],"fullName":"DashboardPage integration renders dataset, KPI cards, chart cards, and assistant entry point","status":"passed","title":"renders dataset, KPI cards, chart cards, and assistant entry point","duration":219.16899999999805,"failureMessages":[],"meta":{},"tags":[]}],"startTime":1779338324672,"endTime":1779338324891.169,"status":"passed","message":"","name":"C:/Users/VISHAL/Desktop/20-12-2025/All_full_stack_preparation/expo/retry-the-project/apps/frontend/src/__tests__/DashboardPage.test.tsx"},{"assertionResults":[{"ancestorTitles":["upload/data flow"],"fullName":"upload/data flow uploads a selected CSV file through the data context","status":"passed","title":"uploads a selected CSV file through the data context","duration":457.237000000001,"failureMessages":[],"meta":{},"tags":[]}],"startTime":1779338316464,"endTime":1779338316921.237,"status":"passed","message":"","name":"C:/Users/VISHAL/Desktop/20-12-2025/All_full_stack_preparation/expo/retry-the-project/apps/frontend/src/__tests__/dataUploadFlow.test.tsx"},{"assertionResults":[{"ancestorTitles":["SchemaDashboardChat"],"fullName":"SchemaDashboardChat renders schema-only/provider badges and dynamic suggestions","status":"passed","title":"renders schema-only/provider badges and dynamic suggestions","duration":898.9697999999989,"failureMessages":[],"meta":{},"tags":[]},{"ancestorTitles":["SchemaDashboardChat"],"fullName":"SchemaDashboardChat sends suggestion and manual input commands","status":"passed","title":"sends suggestion and manual input commands","duration":690.1962000000003,"failureMessages":[],"meta":{},"tags":[]},{"ancestorTitles":["SchemaDashboardChat"],"fullName":"SchemaDashboardChat shows a loading state while command is in flight","status":"passed","title":"shows a loading state while command is in flight","duration":348.05369999999857,"failureMessages":[],"meta":{},"tags":[]}],"startTime":1779338316217,"endTime":1779338318154.0537,"status":"passed","message":"","name":"C:/Users/VISHAL/Desktop/20-12-2025/All_full_stack_preparation/expo/retry-the-project/apps/frontend/src/__tests__/SchemaDashboardChat.test.tsx"},{"assertionResults":[{"ancestorTitles":["schema local analytics"],"fullName":"schema local analytics calculates KPI aggregations locally","status":"passed","title":"calculates KPI aggregations locally","duration":104.39059999999881,"failureMessages":[],"meta":{},"tags":[]},{"ancestorTitles":["schema local analytics"],"fullName":"schema local analytics groups, histograms, scatters, and recomputes after filters","status":"passed","title":"groups, histograms, scatters, and recomputes after filters","duration":8.244599999999991,"failureMessages":[],"meta":{},"tags":[]}],"startTime":1779338314222,"endTime":1779338314335.2446,"status":"passed","message":"","name":"C:/Users/VISHAL/Desktop/20-12-2025/All_full_stack_preparation/expo/retry-the-project/apps/frontend/src/__tests__/schemaLocalAnalytics.test.ts"},{"assertionResults":[{"ancestorTitles":["SmartChartCard"],"fullName":"SmartChartCard renders chart metadata and supports type changes","status":"passed","title":"renders chart metadata and supports type changes","duration":253.77279999999882,"failureMessages":[],"meta":{},"tags":[]},{"ancestorTitles":["SmartChartCard"],"fullName":"SmartChartCard renders the empty chart state","status":"passed","title":"renders the empty chart state","duration":27.329999999999927,"failureMessages":[],"meta":{},"tags":[]}],"startTime":1779338319100,"endTime":1779338319381.33,"status":"passed","message":"","name":"C:/Users/VISHAL/Desktop/20-12-2025/All_full_stack_preparation/expo/retry-the-project/apps/frontend/src/__tests__/SmartChartCard.test.tsx"},{"assertionResults":[{"ancestorTitles":["Logger"],"fullName":"Logger should be a singleton","status":"passed","title":"should be a singleton","duration":5.62460000000101,"failureMessages":[],"meta":{},"tags":[]},{"ancestorTitles":["Logger"],"fullName":"Logger should have error, warn, info, debug methods","status":"passed","title":"should have error, warn, info, debug methods","duration":1.205100000001039,"failureMessages":[],"meta":{},"tags":[]},{"ancestorTitles":["Logger"],"fullName":"Logger should log in correct format","status":"passed","title":"should log in correct format","duration":4.606400000000576,"failureMessages":[],"meta":{},"tags":[]},{"ancestorTitles":["Logger"],"fullName":"Logger should log errors correctly","status":"passed","title":"should log errors correctly","duration":9.010200000000623,"failureMessages":[],"meta":{},"tags":[]}],"startTime":1779338315399,"endTime":1779338315420.0103,"status":"passed","message":"","name":"C:/Users/VISHAL/Desktop/20-12-2025/All_full_stack_preparation/expo/retry-the-project/apps/frontend/src/shared/lib/logger.test.ts"},{"assertionResults":[{"ancestorTitles":["dashboardAnalytics"],"fullName":"dashboardAnalytics removes dictionary rows and calculates KPI values locally","status":"passed","title":"removes dictionary rows and calculates KPI values locally","duration":93.27909999999974,"failureMessages":[],"meta":{},"tags":[]},{"ancestorTitles":["dashboardAnalytics"],"fullName":"dashboardAnalytics calculates average salary by country correctly","status":"passed","title":"calculates average salary by country correctly","duration":3.4699000000000524,"failureMessages":[],"meta":{},"tags":[]},{"ancestorTitles":["dashboardAnalytics"],"fullName":"dashboardAnalytics builds histogram and scatter chart data","status":"passed","title":"builds histogram and scatter chart data","duration":14.299300000000585,"failureMessages":[],"meta":{},"tags":[]},{"ancestorTitles":["dashboardAnalytics"],"fullName":"dashboardAnalytics splits multi-value languages and frameworks","status":"passed","title":"splits multi-value languages and frameworks","duration":2.157600000000457,"failureMessages":[],"meta":{},"tags":[]},{"ancestorTitles":["dashboardAnalytics"],"fullName":"dashboardAnalytics filters rows before chart calculation","status":"passed","title":"filters rows before chart calculation","duration":5.134200000000419,"failureMessages":[],"meta":{},"tags":[]}],"startTime":1779338315172,"endTime":1779338315291.1343,"status":"passed","message":"","name":"C:/Users/VISHAL/Desktop/20-12-2025/All_full_stack_preparation/expo/retry-the-project/apps/frontend/src/features/dashboard/utils/dashboardAnalytics.test.ts"},{"assertionResults":[{"ancestorTitles":["API Client","ApiError"],"fullName":"API Client ApiError should create ApiError with correct properties","status":"passed","title":"should create ApiError with correct properties","duration":8.343700000001263,"failureMessages":[],"meta":{},"tags":[]},{"ancestorTitles":["API Client","api.getState"],"fullName":"API Client api.getState should return state on success","status":"passed","title":"should return state on success","duration":6.486899999999878,"failureMessages":[],"meta":{},"tags":[]},{"ancestorTitles":["API Client","api.getState"],"fullName":"API Client api.getState should throw ApiError on error response","status":"passed","title":"should throw ApiError on error response","duration":7.661799999999857,"failureMessages":[],"meta":{},"tags":[]},{"ancestorTitles":["API Client","api.importDataset"],"fullName":"API Client api.importDataset should import dataset successfully","status":"passed","title":"should import dataset successfully","duration":2.1702000000004773,"failureMessages":[],"meta":{},"tags":[]},{"ancestorTitles":["API Client","api.sendChatQuery"],"fullName":"API Client api.sendChatQuery should send chat query successfully","status":"passed","title":"should send chat query successfully","duration":2.2182000000011612,"failureMessages":[],"meta":{},"tags":[]}],"startTime":1779338315413,"endTime":1779338315441.2183,"status":"passed","message":"","name":"C:/Users/VISHAL/Desktop/20-12-2025/All_full_stack_preparation/expo/retry-the-project/apps/frontend/src/features/data/api/dataApi.test.ts"}]}