{"total": {"lines":{"total":963,"covered":515,"skipped":0,"pct":53.47},"statements":{"total":1164,"covered":585,"skipped":0,"pct":50.25},"functions":{"total":274,"covered":149,"skipped":0,"pct":54.37},"branches":{"total":1300,"covered":549,"skipped":0,"pct":42.23},"branchesTrue":{"total":0,"covered":0,"skipped":0,"pct":100}}
,"C:\\Users\\VISHAL\\Desktop\\20-12-2025\\All_full_stack_preparation\\expo\\retry-the-project\\apps\\backend\\src\\routes\\health.js": {"lines":{"total":39,"covered":5,"skipped":0,"pct":12.82},"functions":{"total":5,"covered":1,"skipped":0,"pct":20},"statements":{"total":40,"covered":5,"skipped":0,"pct":12.5},"branches":{"total":30,"covered":5,"skipped":0,"pct":16.66}}
,"C:\\Users\\VISHAL\\Desktop\\20-12-2025\\All_full_stack_preparation\\expo\\retry-the-project\\apps\\backend\\src\\routes\\schema-trained-ai.routes.js": {"lines":{"total":89,"covered":55,"skipped":0,"pct":61.79},"functions":{"total":11,"covered":5,"skipped":0,"pct":45.45},"statements":{"total":108,"covered":57,"skipped":0,"pct":52.77},"branches":{"total":92,"covered":50,"skipped":0,"pct":54.34}}
,"C:\\Users\\VISHAL\\Desktop\\20-12-2025\\All_full_stack_preparation\\expo\\retry-the-project\\apps\\backend\\src\\services\\ai-analyst\\ai-analyst-orchestrator.js": {"lines":{"total":34,"covered":0,"skipped":0,"pct":0},"functions":{"total":5,"covered":0,"skipped":0,"pct":0},"statements":{"total":35,"covered":0,"skipped":0,"pct":0},"branches":{"total":41,"covered":0,"skipped":0,"pct":0}}
,"C:\\Users\\VISHAL\\Desktop\\20-12-2025\\All_full_stack_preparation\\expo\\retry-the-project\\apps\\backend\\src\\services\\ai-analyst\\analyst-memory.js": {"lines":{"total":33,"covered":0,"skipped":0,"pct":0},"functions":{"total":14,"covered":0,"skipped":0,"pct":0},"statements":{"total":36,"covered":0,"skipped":0,"pct":0},"branches":{"total":24,"covered":0,"skipped":0,"pct":0}}
,"C:\\Users\\VISHAL\\Desktop\\20-12-2025\\All_full_stack_preparation\\expo\\retry-the-project\\apps\\backend\\src\\services\\ai-analyst\\analyst-playbooks.js": {"lines":{"total":16,"covered":0,"skipped":0,"pct":0},"functions":{"total":9,"covered":0,"skipped":0,"pct":0},"statements":{"total":23,"covered":0,"skipped":0,"pct":0},"branches":{"total":15,"covered":0,"skipped":0,"pct":0}}
,"C:\\Users\\VISHAL\\Desktop\\20-12-2025\\All_full_stack_preparation\\expo\\retry-the-project\\apps\\backend\\src\\services\\ai-analyst\\chart-engine.js": {"lines":{"total":81,"covered":0,"skipped":0,"pct":0},"functions":{"total":28,"covered":0,"skipped":0,"pct":0},"statements":{"total":104,"covered":0,"skipped":0,"pct":0},"branches":{"total":121,"covered":0,"skipped":0,"pct":0}}
,"C:\\Users\\VISHAL\\Desktop\\20-12-2025\\All_full_stack_preparation\\expo\\retry-the-project\\apps\\backend\\src\\services\\ai-analyst\\command-router.js": {"lines":{"total":28,"covered":0,"skipped":0,"pct":0},"functions":{"total":3,"covered":0,"skipped":0,"pct":0},"statements":{"total":29,"covered":0,"skipped":0,"pct":0},"branches":{"total":37,"covered":0,"skipped":0,"pct":0}}
,"C:\\Users\\VISHAL\\Desktop\\20-12-2025\\All_full_stack_preparation\\expo\\retry-the-project\\apps\\backend\\src\\services\\ai-analyst\\dashboard-plan-engine.js": {"lines":{"total":92,"covered":85,"skipped":0,"pct":92.39},"functions":{"total":39,"covered":37,"skipped":0,"pct":94.87},"statements":{"total":109,"covered":100,"skipped":0,"pct":91.74},"branches":{"total":159,"covered":102,"skipped":0,"pct":64.15}}
,"C:\\Users\\VISHAL\\Desktop\\20-12-2025\\All_full_stack_preparation\\expo\\retry-the-project\\apps\\backend\\src\\services\\ai-analyst\\dashboard-quality-guardian.js": {"lines":{"total":163,"covered":147,"skipped":0,"pct":90.18},"functions":{"total":38,"covered":35,"skipped":0,"pct":92.1},"statements":{"total":192,"covered":166,"skipped":0,"pct":86.45},"branches":{"total":227,"covered":152,"skipped":0,"pct":66.96}}
,"C:\\Users\\VISHAL\\Desktop\\20-12-2025\\All_full_stack_preparation\\expo\\retry-the-project\\apps\\backend\\src\\services\\ai-analyst\\kpi-engine.js": {"lines":{"total":44,"covered":0,"skipped":0,"pct":0},"functions":{"total":15,"covered":0,"skipped":0,"pct":0},"statements":{"total":56,"covered":0,"skipped":0,"pct":0},"branches":{"total":46,"covered":0,"skipped":0,"pct":0}}
,"C:\\Users\\VISHAL\\Desktop\\20-12-2025\\All_full_stack_preparation\\expo\\retry-the-project\\apps\\backend\\src\\services\\ai-analyst\\llm-schema-dashboard-planner.js": {"lines":{"total":47,"covered":26,"skipped":0,"pct":55.31},"functions":{"total":10,"covered":6,"skipped":0,"pct":60},"statements":{"total":54,"covered":27,"skipped":0,"pct":50},"branches":{"total":47,"covered":16,"skipped":0,"pct":34.04}}
,"C:\\Users\\VISHAL\\Desktop\\20-12-2025\\All_full_stack_preparation\\expo\\retry-the-project\\apps\\backend\\src\\services\\ai-analyst\\schema-fingerprint.js": {"lines":{"total":116,"covered":105,"skipped":0,"pct":90.51},"functions":{"total":45,"covered":44,"skipped":0,"pct":97.77},"statements":{"total":166,"covered":132,"skipped":0,"pct":79.51},"branches":{"total":182,"covered":116,"skipped":0,"pct":63.73}}
,"C:\\Users\\VISHAL\\Desktop\\20-12-2025\\All_full_stack_preparation\\expo\\retry-the-project\\apps\\backend\\src\\services\\ai-analyst\\schema-profiler.js": {"lines":{"total":55,"covered":0,"skipped":0,"pct":0},"functions":{"total":23,"covered":0,"skipped":0,"pct":0},"statements":{"total":74,"covered":0,"skipped":0,"pct":0},"branches":{"total":76,"covered":0,"skipped":0,"pct":0}}
,"C:\\Users\\VISHAL\\Desktop\\20-12-2025\\All_full_stack_preparation\\expo\\retry-the-project\\apps\\backend\\src\\services\\ai-analyst\\schema-trained-ai-service.js": {"lines":{"total":82,"covered":58,"skipped":0,"pct":70.73},"functions":{"total":15,"covered":11,"skipped":0,"pct":73.33},"statements":{"total":90,"covered":61,"skipped":0,"pct":67.77},"branches":{"total":163,"covered":84,"skipped":0,"pct":51.53}}
,"C:\\Users\\VISHAL\\Desktop\\20-12-2025\\All_full_stack_preparation\\expo\\retry-the-project\\apps\\backend\\src\\services\\ai-analyst\\schema-training-store.js": {"lines":{"total":44,"covered":34,"skipped":0,"pct":77.27},"functions":{"total":14,"covered":10,"skipped":0,"pct":71.42},"statements":{"total":48,"covered":37,"skipped":0,"pct":77.08},"branches":{"total":40,"covered":24,"skipped":0,"pct":60}}
}
