{"numTotalTestSuites":26,"numPassedTestSuites":26,"numFailedTestSuites":0,"numPendingTestSuites":0,"numTotalTests":31,"numPassedTests":31,"numFailedTests":0,"numPendingTests":0,"numTodoTests":0,"snapshot":{"added":0,"failure":false,"filesAdded":0,"filesRemoved":0,"filesRemovedList":[],"filesUnmatched":0,"filesUpdated":0,"matched":0,"total":0,"unchecked":0,"uncheckedKeysByFile":[],"unmatched":0,"updated":0,"didUpdate":false},"startTime":1779350085543,"success":true,"testResults":[{"assertionResults":[{"ancestorTitles":["analytics engine"],"fullName":"analytics engine cleans datasets and reports missing values, duplicates, and outliers","status":"passed","title":"cleans datasets and reports missing values, duplicates, and outliers","duration":86.25670000000173,"failureMessages":[],"meta":{}},{"ancestorTitles":["analytics engine"],"fullName":"analytics engine aggregates salary by country using averages rather than totals","status":"passed","title":"aggregates salary by country using averages rather than totals","duration":28.13260000000082,"failureMessages":[],"meta":{}},{"ancestorTitles":["analytics engine"],"fullName":"analytics engine parses multivalue language fields and sorts frequencies descending","status":"passed","title":"parses multivalue language fields and sorts frequencies descending","duration":13.863800000002811,"failureMessages":[],"meta":{}},{"ancestorTitles":["analytics engine"],"fullName":"analytics engine counts real education distribution and keeps logical education order","status":"passed","title":"counts real education distribution and keeps logical education order","duration":39.20730000000185,"failureMessages":[],"meta":{}},{"ancestorTitles":["analytics engine"],"fullName":"analytics engine builds a memoizable dashboard bundle with statistically correct chart semantics","status":"passed","title":"builds a memoizable dashboard bundle with statistically correct chart semantics","duration":288.7746999999981,"failureMessages":[],"meta":{}},{"ancestorTitles":["analytics engine"],"fullName":"analytics engine returns dynamic, insight-driven KPIs from the KPI engine hook","status":"passed","title":"returns dynamic, insight-driven KPIs from the KPI engine hook","duration":287.92169999999896,"failureMessages":[],"meta":{}}],"startTime":1779350111768,"endTime":1779350112512.9216,"status":"passed","message":"","name":"C:/Users/VISHAL/Desktop/20-12-2025/All_full_stack_preparation/expo/retry-the-project/apps/frontend/src/test/dataStore.test.ts"},{"assertionResults":[{"ancestorTitles":["example"],"fullName":"example should pass","status":"passed","title":"should pass","duration":18.843000000000757,"failureMessages":[],"meta":{}}],"startTime":1779350107737,"endTime":1779350107755.843,"status":"passed","message":"","name":"C:/Users/VISHAL/Desktop/20-12-2025/All_full_stack_preparation/expo/retry-the-project/apps/frontend/src/test/example.test.ts"},{"assertionResults":[{"ancestorTitles":["AppLayout"],"fullName":"AppLayout renders the app shell with routed content","status":"passed","title":"renders the app shell with routed content","duration":989.9768000000004,"failureMessages":[],"meta":{}}],"startTime":1779350112791,"endTime":1779350113780.9768,"status":"passed","message":"","name":"C:/Users/VISHAL/Desktop/20-12-2025/All_full_stack_preparation/expo/retry-the-project/apps/frontend/src/__tests__/AppLayout.test.tsx"},{"assertionResults":[{"ancestorTitles":["DashboardPage integration"],"fullName":"DashboardPage integration renders dataset, KPI cards, chart cards, and assistant entry point","status":"passed","title":"renders dataset, KPI cards, chart cards, and assistant entry point","duration":814.3429000000033,"failureMessages":[],"meta":{}}],"startTime":1779350160987,"endTime":1779350161801.343,"status":"passed","message":"","name":"C:/Users/VISHAL/Desktop/20-12-2025/All_full_stack_preparation/expo/retry-the-project/apps/frontend/src/__tests__/DashboardPage.test.tsx"},{"assertionResults":[{"ancestorTitles":["upload/data flow"],"fullName":"upload/data flow uploads a selected CSV file through the data context","status":"passed","title":"uploads a selected CSV file through the data context","duration":917.2586999999985,"failureMessages":[],"meta":{}}],"startTime":1779350112684,"endTime":1779350113601.2588,"status":"passed","message":"","name":"C:/Users/VISHAL/Desktop/20-12-2025/All_full_stack_preparation/expo/retry-the-project/apps/frontend/src/__tests__/dataUploadFlow.test.tsx"},{"assertionResults":[{"ancestorTitles":["SchemaDashboardChat"],"fullName":"SchemaDashboardChat renders schema-only/provider badges and dynamic suggestions","status":"passed","title":"renders schema-only/provider badges and dynamic suggestions","duration":1882.6942999999992,"failureMessages":[],"meta":{}},{"ancestorTitles":["SchemaDashboardChat"],"fullName":"SchemaDashboardChat sends suggestion and manual input commands","status":"passed","title":"sends suggestion and manual input commands","duration":1986.5174000000006,"failureMessages":[],"meta":{}},{"ancestorTitles":["SchemaDashboardChat"],"fullName":"SchemaDashboardChat shows a loading state while command is in flight","status":"passed","title":"shows a loading state while command is in flight","duration":995.4305999999997,"failureMessages":[],"meta":{}}],"startTime":1779350112348,"endTime":1779350117213.4307,"status":"passed","message":"","name":"C:/Users/VISHAL/Desktop/20-12-2025/All_full_stack_preparation/expo/retry-the-project/apps/frontend/src/__tests__/SchemaDashboardChat.test.tsx"},{"assertionResults":[{"ancestorTitles":["schema local analytics"],"fullName":"schema local analytics calculates KPI aggregations locally","status":"passed","title":"calculates KPI aggregations locally","duration":770.3280999999988,"failureMessages":[],"meta":{}},{"ancestorTitles":["schema local analytics"],"fullName":"schema local analytics groups, histograms, scatters, and recomputes after filters","status":"passed","title":"groups, histograms, scatters, and recomputes after filters","duration":16.39770000000135,"failureMessages":[],"meta":{}}],"startTime":1779350108804,"endTime":1779350109591.3977,"status":"passed","message":"","name":"C:/Users/VISHAL/Desktop/20-12-2025/All_full_stack_preparation/expo/retry-the-project/apps/frontend/src/__tests__/schemaLocalAnalytics.test.ts"},{"assertionResults":[{"ancestorTitles":["SmartChartCard"],"fullName":"SmartChartCard renders chart metadata and supports type changes","status":"passed","title":"renders chart metadata and supports type changes","duration":1333.301400000004,"failureMessages":[],"meta":{}},{"ancestorTitles":["SmartChartCard"],"fullName":"SmartChartCard renders the empty chart state","status":"passed","title":"renders the empty chart state","duration":328.6944999999978,"failureMessages":[],"meta":{}}],"startTime":1779350123728,"endTime":1779350125389.6946,"status":"passed","message":"","name":"C:/Users/VISHAL/Desktop/20-12-2025/All_full_stack_preparation/expo/retry-the-project/apps/frontend/src/__tests__/SmartChartCard.test.tsx"},{"assertionResults":[{"ancestorTitles":["Logger"],"fullName":"Logger should be a singleton","status":"passed","title":"should be a singleton","duration":34.97350000000006,"failureMessages":[],"meta":{}},{"ancestorTitles":["Logger"],"fullName":"Logger should have error, warn, info, debug methods","status":"passed","title":"should have error, warn, info, debug methods","duration":0.8388000000013562,"failureMessages":[],"meta":{}},{"ancestorTitles":["Logger"],"fullName":"Logger should log in correct format","status":"passed","title":"should log in correct format","duration":24.053799999997864,"failureMessages":[],"meta":{}},{"ancestorTitles":["Logger"],"fullName":"Logger should log errors correctly","status":"passed","title":"should log errors correctly","duration":99.57370000000083,"failureMessages":[],"meta":{}}],"startTime":1779350108880,"endTime":1779350109054.5737,"status":"passed","message":"","name":"C:/Users/VISHAL/Desktop/20-12-2025/All_full_stack_preparation/expo/retry-the-project/apps/frontend/src/shared/lib/logger.test.ts"},{"assertionResults":[{"ancestorTitles":["dashboardAnalytics"],"fullName":"dashboardAnalytics removes dictionary rows and calculates KPI values locally","status":"passed","title":"removes dictionary rows and calculates KPI values locally","duration":755.1587,"failureMessages":[],"meta":{}},{"ancestorTitles":["dashboardAnalytics"],"fullName":"dashboardAnalytics calculates average salary by country correctly","status":"passed","title":"calculates average salary by country correctly","duration":10.877300000000105,"failureMessages":[],"meta":{}},{"ancestorTitles":["dashboardAnalytics"],"fullName":"dashboardAnalytics builds histogram and scatter chart data","status":"passed","title":"builds histogram and scatter chart data","duration":19.600399999999354,"failureMessages":[],"meta":{}},{"ancestorTitles":["dashboardAnalytics"],"fullName":"dashboardAnalytics splits multi-value languages and frameworks","status":"passed","title":"splits multi-value languages and frameworks","duration":2.5146999999997206,"failureMessages":[],"meta":{}},{"ancestorTitles":["dashboardAnalytics"],"fullName":"dashboardAnalytics filters rows before chart calculation","status":"passed","title":"filters rows before chart calculation","duration":16.092499999998836,"failureMessages":[],"meta":{}}],"startTime":1779350108804,"endTime":1779350109617.0925,"status":"passed","message":"","name":"C:/Users/VISHAL/Desktop/20-12-2025/All_full_stack_preparation/expo/retry-the-project/apps/frontend/src/features/dashboard/utils/dashboardAnalytics.test.ts"},{"assertionResults":[{"ancestorTitles":["API Client","ApiError"],"fullName":"API Client ApiError should create ApiError with correct properties","status":"passed","title":"should create ApiError with correct properties","duration":70.73410000000149,"failureMessages":[],"meta":{}},{"ancestorTitles":["API Client","api.getState"],"fullName":"API Client api.getState should return state on success","status":"passed","title":"should return state on success","duration":37.5653999999995,"failureMessages":[],"meta":{}},{"ancestorTitles":["API Client","api.getState"],"fullName":"API Client api.getState should throw ApiError on error response","status":"passed","title":"should throw ApiError on error response","duration":50.06550000000061,"failureMessages":[],"meta":{}},{"ancestorTitles":["API Client","api.importDataset"],"fullName":"API Client api.importDataset should import dataset successfully","status":"passed","title":"should import dataset successfully","duration":2.5438999999969383,"failureMessages":[],"meta":{}},{"ancestorTitles":["API Client","api.sendChatQuery"],"fullName":"API Client api.sendChatQuery should send chat query successfully","status":"passed","title":"should send chat query successfully","duration":13.990200000000186,"failureMessages":[],"meta":{}}],"startTime":1779350108986,"endTime":1779350109161.9902,"status":"passed","message":"","name":"C:/Users/VISHAL/Desktop/20-12-2025/All_full_stack_preparation/expo/retry-the-project/apps/frontend/src/features/data/api/dataApi.test.ts"}]}