{"numTotalTestSuites":22,"numPassedTestSuites":22,"numFailedTestSuites":0,"numPendingTestSuites":0,"numTotalTests":27,"numPassedTests":27,"numFailedTests":0,"numPendingTests":0,"numTodoTests":0,"snapshot":{"added":0,"failure":false,"filesAdded":0,"filesRemoved":0,"filesRemovedList":[],"filesUnmatched":0,"filesUpdated":0,"matched":0,"total":0,"unchecked":0,"uncheckedKeysByFile":[],"unmatched":0,"updated":0,"didUpdate":false},"startTime":1779350167074,"success":true,"testResults":[{"assertionResults":[{"ancestorTitles":["dashboard command service"],"fullName":"dashboard command service creates schema-only KPI commands without local KPI values","status":"passed","title":"creates schema-only KPI commands without local KPI values","duration":13.173299999999927,"failureMessages":[],"meta":{},"tags":[]}],"startTime":1779350168922,"endTime":1779350168935.1733,"status":"passed","message":"","name":"C:/Users/VISHAL/Desktop/20-12-2025/All_full_stack_preparation/expo/retry-the-project/apps/backend/src/__tests__/dashboard-command.test.js"},{"assertionResults":[{"ancestorTitles":["dashboard plan engine"],"fullName":"dashboard plan engine generates KPI and chart specs from schema only","status":"passed","title":"generates KPI and chart specs from schema only","duration":7.857999999999947,"failureMessages":[],"meta":{},"tags":[]},{"ancestorTitles":["dashboard plan engine"],"fullName":"dashboard plan engine rejects invalid scatter and unknown columns","status":"passed","title":"rejects invalid scatter and unknown columns","duration":1.4320999999999913,"failureMessages":[],"meta":{},"tags":[]},{"ancestorTitles":["dashboard plan engine"],"fullName":"dashboard plan engine removes chart.data from sanitized chart specs","status":"passed","title":"removes chart.data from sanitized chart specs","duration":1.0679999999999836,"failureMessages":[],"meta":{},"tags":[]}],"startTime":1779350168661,"endTime":1779350168672.068,"status":"passed","message":"","name":"C:/Users/VISHAL/Desktop/20-12-2025/All_full_stack_preparation/expo/retry-the-project/apps/backend/src/__tests__/dashboard-plan-engine.test.js"},{"assertionResults":[{"ancestorTitles":["dashboard-quality-guardian"],"fullName":"dashboard-quality-guardian removes chart.data and fake KPI values from AI plans","status":"passed","title":"removes chart.data and fake KPI values from AI plans","duration":9.515700000000152,"failureMessages":[],"meta":{},"tags":[]},{"ancestorTitles":["dashboard-quality-guardian"],"fullName":"dashboard-quality-guardian rejects invalid chart combinations and repairs weak dashboard plans","status":"passed","title":"rejects invalid chart combinations and repairs weak dashboard plans","duration":3.5335000000000036,"failureMessages":[],"meta":{},"tags":[]},{"ancestorTitles":["dashboard-quality-guardian"],"fullName":"dashboard-quality-guardian supports salary/workforce datasets with schema-only output","status":"passed","title":"supports salary/workforce datasets with schema-only output","duration":4.2577000000001135,"failureMessages":[],"meta":{},"tags":[]}],"startTime":1779350168642,"endTime":1779350168659.2578,"status":"passed","message":"","name":"C:/Users/VISHAL/Desktop/20-12-2025/All_full_stack_preparation/expo/retry-the-project/apps/backend/src/__tests__/dashboard-quality-guardian.test.js"},{"assertionResults":[{"ancestorTitles":["health API"],"fullName":"health API GET /api/health returns healthy quickly","status":"passed","title":"GET /api/health returns healthy quickly","duration":5.323500000000195,"failureMessages":[],"meta":{},"tags":[]}],"startTime":1779350169250,"endTime":1779350169255.3235,"status":"passed","message":"","name":"C:/Users/VISHAL/Desktop/20-12-2025/All_full_stack_preparation/expo/retry-the-project/apps/backend/src/__tests__/health.test.js"},{"assertionResults":[{"ancestorTitles":["Ollama schema-only safety"],"fullName":"Ollama schema-only safety sends schema only to Ollama and strips malicious chart.data responses","status":"passed","title":"sends schema only to Ollama and strips malicious chart.data responses","duration":15.180299999999988,"failureMessages":[],"meta":{},"tags":[]},{"ancestorTitles":["Ollama schema-only safety"],"fullName":"Ollama schema-only safety falls back to local dashboard plan when Ollama is down","status":"passed","title":"falls back to local dashboard plan when Ollama is down","duration":3.616999999999962,"failureMessages":[],"meta":{},"tags":[]}],"startTime":1779350168932,"endTime":1779350168950.617,"status":"passed","message":"","name":"C:/Users/VISHAL/Desktop/20-12-2025/All_full_stack_preparation/expo/retry-the-project/apps/backend/src/__tests__/ollama-schema-safety.test.js"},{"assertionResults":[{"ancestorTitles":["PDF intelligence route surface"],"fullName":"PDF intelligence route surface returns a safe validation error when asking an unknown PDF knowledge base","status":"passed","title":"returns a safe validation error when asking an unknown PDF knowledge base","duration":34.522500000000036,"failureMessages":[],"meta":{},"tags":[]}],"startTime":1779350171020,"endTime":1779350171054.5225,"status":"passed","message":"","name":"C:/Users/VISHAL/Desktop/20-12-2025/All_full_stack_preparation/expo/retry-the-project/apps/backend/src/__tests__/pdf-intelligence.test.js"},{"assertionResults":[{"ancestorTitles":["schema fingerprint"],"fullName":"schema fingerprint detects schema roles and excludes raw rows from schema-only packet","status":"passed","title":"detects schema roles and excludes raw rows from schema-only packet","duration":9.559399999999869,"failureMessages":[],"meta":{},"tags":[]}],"startTime":1779350168586,"endTime":1779350168595.5593,"status":"passed","message":"","name":"C:/Users/VISHAL/Desktop/20-12-2025/All_full_stack_preparation/expo/retry-the-project/apps/backend/src/__tests__/schema-fingerprint.test.js"},{"assertionResults":[{"ancestorTitles":["schema training memory routes"],"fullName":"schema training memory routes loads, trains, and matches similar schema memory","status":"passed","title":"loads, trains, and matches similar schema memory","duration":1028.0683,"failureMessages":[],"meta":{},"tags":[]}],"startTime":1779350168150,"endTime":1779350169178.0684,"status":"passed","message":"","name":"C:/Users/VISHAL/Desktop/20-12-2025/All_full_stack_preparation/expo/retry-the-project/apps/backend/src/__tests__/schema-memory.test.js"},{"assertionResults":[{"ancestorTitles":["schema-trained AI routes"],"fullName":"schema-trained AI routes generates a schema-only dashboard plan without raw rows or chart data","status":"passed","title":"generates a schema-only dashboard plan without raw rows or chart data","duration":14.227799999999661,"failureMessages":[],"meta":{},"tags":[]},{"ancestorTitles":["schema-trained AI routes"],"fullName":"schema-trained AI routes routes a valid dashboard command to a safe chart spec","status":"passed","title":"routes a valid dashboard command to a safe chart spec","duration":5.296899999999823,"failureMessages":[],"meta":{},"tags":[]},{"ancestorTitles":["schema-trained AI routes"],"fullName":"schema-trained AI routes handles invalid scatter conversion safely by returning a chart spec","status":"passed","title":"handles invalid scatter conversion safely by returning a chart spec","duration":2.3616000000001804,"failureMessages":[],"meta":{},"tags":[]},{"ancestorTitles":["schema-trained AI routes"],"fullName":"schema-trained AI routes answers schema chat without fake KPI values or raw row packet","status":"passed","title":"answers schema chat without fake KPI values or raw row packet","duration":28.345700000000306,"failureMessages":[],"meta":{},"tags":[]}],"startTime":1779350169233,"endTime":1779350169283.3457,"status":"passed","message":"","name":"C:/Users/VISHAL/Desktop/20-12-2025/All_full_stack_preparation/expo/retry-the-project/apps/backend/src/__tests__/schema-trained-ai.routes.test.js"},{"assertionResults":[{"ancestorTitles":["schema-only dashboard engine"],"fullName":"schema-only dashboard engine sends only the safe schema packet to the LLM","status":"passed","title":"sends only the safe schema packet to the LLM","duration":4.948199999999815,"failureMessages":[],"meta":{},"tags":[]},{"ancestorTitles":["schema-only dashboard engine"],"fullName":"schema-only dashboard engine validates and executes chart plans locally","status":"passed","title":"validates and executes chart plans locally","duration":1.6060999999999694,"failureMessages":[],"meta":{},"tags":[]}],"startTime":1779350169508,"endTime":1779350169514.6062,"status":"passed","message":"","name":"C:/Users/VISHAL/Desktop/20-12-2025/All_full_stack_preparation/expo/retry-the-project/apps/backend/src/services/__tests__/schema-only-dashboard-engine.test.js"},{"assertionResults":[{"ancestorTitles":["Schema Packet Builder"],"fullName":"Schema Packet Builder builds valid schema packet","status":"passed","title":"builds valid schema packet","duration":5.924000000000092,"failureMessages":[],"meta":{},"tags":[]},{"ancestorTitles":["Schema Packet Builder"],"fullName":"Schema Packet Builder extracts numeric statistics","status":"passed","title":"extracts numeric statistics","duration":0.8372000000000526,"failureMessages":[],"meta":{},"tags":[]},{"ancestorTitles":["Schema Packet Builder"],"fullName":"Schema Packet Builder extracts categorical statistics","status":"passed","title":"extracts categorical statistics","duration":0.5007000000000517,"failureMessages":[],"meta":{},"tags":[]},{"ancestorTitles":["Schema Packet Builder"],"fullName":"Schema Packet Builder handles empty datasets","status":"passed","title":"handles empty datasets","duration":1.2273000000000138,"failureMessages":[],"meta":{},"tags":[]},{"ancestorTitles":["Schema Packet Builder"],"fullName":"Schema Packet Builder validates columns exist","status":"passed","title":"validates columns exist","duration":0.7305999999999813,"failureMessages":[],"meta":{},"tags":[]},{"ancestorTitles":["Schema Packet Builder"],"fullName":"Schema Packet Builder rejects invalid columns","status":"passed","title":"rejects invalid columns","duration":0.496599999999944,"failureMessages":[],"meta":{},"tags":[]},{"ancestorTitles":["Schema Packet Builder"],"fullName":"Schema Packet Builder calculates data quality score","status":"passed","title":"calculates data quality score","duration":0.6444999999999936,"failureMessages":[],"meta":{},"tags":[]},{"ancestorTitles":["Schema Packet Builder"],"fullName":"Schema Packet Builder formats schema for prompt","status":"passed","title":"formats schema for prompt","duration":0.9477000000000544,"failureMessages":[],"meta":{},"tags":[]}],"startTime":1779350168013,"endTime":1779350168023.9478,"status":"passed","message":"","name":"C:/Users/VISHAL/Desktop/20-12-2025/All_full_stack_preparation/expo/retry-the-project/apps/backend/src/services/__tests__/schema-packet-builder.test.js"}]}